log started: Thu Jun 24 10:10:15 2004

Log file: ./ff03.log
>> addPath ../prep
../prep added to file search path.
>> addAtomTypes {
>> 	{ "H"   "H" "sp3" }
>> 	{ "HO"  "H" "sp3" }
>> 	{ "HS"  "H" "sp3" }
>> 	{ "H0"  "H" "sp3" }
>> 	{ "H1"  "H" "sp3" }
>> 	{ "H2"  "H" "sp3" }
>> 	{ "H3"  "H" "sp3" }
>> 	{ "H4"  "H" "sp3" }
>> 	{ "H5"  "H" "sp3" }
>> 	{ "HW"  "H" "sp3" }
>> 	{ "HC"  "H" "sp3" }
>> 	{ "HA"  "H" "sp3" }
>> 	{ "HP"  "H" "sp3" }
>> 	{ "OH"  "O" "sp3" }
>> 	{ "OS"  "O" "sp3" }
>> 	{ "O"   "O" "sp2" }
>> 	{ "O2"  "O" "sp2" }
>> 	{ "OW"  "O" "sp3" }
>> 	{ "CT"  "C" "sp3" }
>> 	{ "CH"  "C" "sp3" }
>> 	{ "C2"  "C" "sp3" }
>> 	{ "C3"  "C" "sp3" }
>> 	{ "C"   "C" "sp2" }
>> 	{ "C*"  "C" "sp2" }
>> 	{ "CA"  "C" "sp2" }
>> 	{ "CB"  "C" "sp2" }
>> 	{ "CC"  "C" "sp2" }
>> 	{ "CN"  "C" "sp2" }
>> 	{ "CM"  "C" "sp2" }
>> 	{ "CK"  "C" "sp2" }
>> 	{ "CQ"  "C" "sp2" }
>> 	{ "CD"  "C" "sp2" }
>> 	{ "CE"  "C" "sp2" }
>> 	{ "CF"  "C" "sp2" }
>> 	{ "CG"  "C" "sp2" }
>> 	{ "CP"  "C" "sp2" }
>> 	{ "CI"  "C" "sp2" }
>> 	{ "CJ"  "C" "sp2" }
>> 	{ "CW"  "C" "sp2" }
>> 	{ "CV"  "C" "sp2" }
>> 	{ "CR"  "C" "sp2" }
>> 	{ "CA"  "C" "sp2" }
>> 	{ "CY"  "C" "sp2" }
>> 	{ "C0"  "C" "sp2" }
>> 	{ "MG"  "Mg" "sp3" }
>> 	{ "N"   "N" "sp2" }
>> 	{ "NA"  "N" "sp2" }
>> 	{ "N2"  "N" "sp2" }
>> 	{ "N*"  "N" "sp2" }
>> 	{ "NP"  "N" "sp2" }
>> 	{ "NQ"  "N" "sp2" }
>> 	{ "NB"  "N" "sp2" }
>> 	{ "NC"  "N" "sp2" }
>> 	{ "NT"  "N" "sp3" }
>> 	{ "N3"  "N" "sp3" }
>> 	{ "S"   "S" "sp3" }
>> 	{ "SH"  "S" "sp3" }
>> 	{ "P"   "P" "sp3" }
>> 	{ "LP"  ""  "sp3" }
>> 	{ "F"   "F" "sp3" }
>> 	{ "CL"  "Cl" "sp3" }
>> 	{ "BR"  "Br" "sp3" }
>> 	{ "I"   "I"  "sp3" }
>> 	{ "FE"  "Fe" "sp3" }
>> 	{ "IM"  "Cl" "sp3" }
>> 	{ "IP"  "Na" "sp3" }
>> # glycam
>> 	{ "OG"  "O" "sp3" }
>> 	{ "OL"  "O" "sp3" }
>> 	{ "AC"  "C" "sp3" }
>> 	{ "EC"  "C" "sp3" }
>> }
>> #
>> #    amino acids..
>> #
>> ################################################
>> ################################################
>> ################################################
>> ################################################
>> ######
>> ######    AMBER 94 prep.in files
>> ######
>> ################################################
>> ################################################
>> ################################################
>> ################################################
>> #---------------------------------------------------
>> #
>> #
>> #       ALL ATOM FORCE FIELD
>> #
>> #
>> clearVariables
Clearing all variables
>> #
>> # Extract the amino acids from all_amino03.in
>> #
>> loadAmberPrep all_amino03.in 
Loading Prep file: /home/case/amber9/dat/leap/prep/all_amino03.in
Warning: per-line charges being overridden by CHARGE block in ALANINE
Warning: per-line charges being overridden by CHARGE block in GLYCINE
Warning: per-line charges being overridden by CHARGE block in SERINE
Warning: per-line charges being overridden by CHARGE block in THREONINE
Warning: per-line charges being overridden by CHARGE block in LEUCINE
Warning: per-line charges being overridden by CHARGE block in ISOLEUCINE
Warning: per-line charges being overridden by CHARGE block in VALINE
Warning: per-line charges being overridden by CHARGE block in ASPARAGINE
Warning: per-line charges being overridden by CHARGE block in GLUTAMINE
Warning: per-line charges being overridden by CHARGE block in ARGININE
Warning: per-line charges being overridden by CHARGE block in HISTIDINE DELTAH
Warning: per-line charges being overridden by CHARGE block in HISTIDINE EPSILONH
Warning: per-line charges being overridden by CHARGE block in HISTIDINE PLUS
Warning: per-line charges being overridden by CHARGE block in TRYPTOPHAN
Warning: per-line charges being overridden by CHARGE block in PHENYLALANINE
Warning: per-line charges being overridden by CHARGE block in TYROSINE
Warning: per-line charges being overridden by CHARGE block in GLUTAMIC ACID
Warning: per-line charges being overridden by CHARGE block in ASPARTIC ACID
Warning: per-line charges being overridden by CHARGE block in LYSINE
Warning: per-line charges being overridden by CHARGE block in LYSINE neutral
Warning: per-line charges being overridden by CHARGE block in PROLINE
Warning: per-line charges being overridden by CHARGE block in CYSTEINE
Warning: per-line charges being overridden by CHARGE block in CYSTEINE with negative charge
Warning: per-line charges being overridden by CHARGE block in CYSTINE(S-S BRIDGE)
Warning: per-line charges being overridden by CHARGE block in METHIONINE
Warning: per-line charges being overridden by CHARGE block in  ACE BEGINNING GROUP
Warning: per-line charges being overridden by CHARGE block in N-methyl all atom
(no charges read on atoms lines in   NH2 ENDING GROUP)
Warning: per-line charges being overridden by CHARGE block in ASP neutral
Warning: per-line charges being overridden by CHARGE block in GLU neutral
Loaded UNIT: ACE
Loaded UNIT: ALA
Loaded UNIT: ARG
Loaded UNIT: ASH
Loaded UNIT: ASN
Loaded UNIT: ASP
Loaded UNIT: CIM
Loaded UNIT: CIP
Loaded UNIT: CYM
Loaded UNIT: CYS
Loaded UNIT: CYX
Loaded UNIT: GLH
Loaded UNIT: GLN
Loaded UNIT: GLU
Loaded UNIT: GLY
Loaded UNIT: HID
Loaded UNIT: HIE
Loaded UNIT: HIP
Loaded UNIT: HOH
Loaded UNIT: ILE
Loaded UNIT: LEU
Loaded UNIT: LYN
Loaded UNIT: LYS
Loaded UNIT: MET
Loaded UNIT: NHE
Loaded UNIT: NME
Loaded UNIT: PHE
Loaded UNIT: PRO
Loaded UNIT: SER
Loaded UNIT: THR
Loaded UNIT: TRP
Loaded UNIT: TYR
Loaded UNIT: VAL
>> 
>> a = { 
>>       ALA GLY SER THR LEU ILE VAL ASN GLN ARG 
>>       HID HIE HIP TRP PHE TYR GLU ASP LYS LYN
>>       PRO CYS CYX MET ASH GLH CYM ACE NME NHE
>>     }
>> 
>> set a       restype     protein
>> set CYX.1   disulphide  CYX.1.SG
>> saveOff a   ./all_amino03.lib 
Saving ALA.
Building topology.
Building atom parameters.
Saving GLY.
Building topology.
Building atom parameters.
Saving SER.
Building topology.
Building atom parameters.
Saving THR.
Building topology.
Building atom parameters.
Saving LEU.
Building topology.
Building atom parameters.
Saving ILE.
Building topology.
Building atom parameters.
Saving VAL.
Building topology.
Building atom parameters.
Saving ASN.
Building topology.
Building atom parameters.
Saving GLN.
Building topology.
Building atom parameters.
Saving ARG.
Building topology.
Building atom parameters.
Saving HID.
Building topology.
Building atom parameters.
Saving HIE.
Building topology.
Building atom parameters.
Saving HIP.
Building topology.
Building atom parameters.
Saving TRP.
Building topology.
Building atom parameters.
Saving PHE.
Building topology.
Building atom parameters.
Saving TYR.
Building topology.
Building atom parameters.
Saving GLU.
Building topology.
Building atom parameters.
Saving ASP.
Building topology.
Building atom parameters.
Saving LYS.
Building topology.
Building atom parameters.
Saving LYN.
Building topology.
Building atom parameters.
Saving PRO.
Building topology.
Building atom parameters.
Saving CYS.
Building topology.
Building atom parameters.
Saving CYX.
Building topology.
Building atom parameters.
Saving MET.
Building topology.
Building atom parameters.
Saving ASH.
Building topology.
Building atom parameters.
Saving GLH.
Building topology.
Building atom parameters.
Saving CYM.
Building topology.
Building atom parameters.
Saving ACE.
Building topology.
Building atom parameters.
Saving NME.
Building topology.
Building atom parameters.
Saving NHE.
Building topology.
Building atom parameters.
>> 
>> #
>> # DONE ff03
>> #
>> quit
	Quit
