### X-Score scoring information
### Created by X-Score on Sun Aug  5 21:49:42 2018

<MOLECULE> site144
<FORMULA> C10H13N5O10P2
<WEIGHT>  425.1
<ATOM> 40
--------------------------------------------------------------
ID   Type     VDW     HB     HP     HM      HS     RT   Score
--------------------------------------------------------------
1    P.3      34.2    0.0    0.0   0.00     0.0    0.5   0.22
2    O.co2    29.8    1.2    0.0   0.00     0.0    0.0   0.33
3    O.3      27.2    1.1    0.0   0.00     0.0    0.0   0.32
4    O.co2    20.2    0.9    0.0   0.00     0.0    0.0   0.27
5    P.3      27.2    0.0    0.0   0.00     0.0    1.0   0.15
6    O.co2    14.9    0.0    0.0   0.00     0.0    0.0   0.19
7    O.co2    23.3    1.0    0.0   0.00     0.0    0.0   0.30
8    O.3      23.5    0.8    0.0   0.00     0.0    1.0   0.20
9    O.3      17.4    0.0    0.0   0.00     0.0    1.0   0.11
10   C.3      20.6    0.0    0.0   0.00     0.0    1.0   0.13
11   C.3      14.4    0.0    0.0   0.00     0.0    0.5   0.14
12   O.3      10.1    0.0    0.0   0.00     0.0    0.0   0.17
13   C.3      12.1    0.0    0.0   0.00     0.0    0.0   0.18
14   O.3       4.5    0.0    0.0   0.00     0.0    0.0   0.15
15   C.3      16.5    0.0    0.0   0.00     0.0    0.0   0.19
16   O.3      11.9    0.7    0.0   0.00     0.0    0.0   0.23
17   C.3      15.1    0.0    0.0   0.00     0.0    0.5   0.15
18   N.ar     16.8    0.0    0.0   0.00     0.0    0.5   0.15
19   C.ar     25.0    0.0    0.0   0.00     0.0    0.0   0.23
20   N.ar     23.4    0.6    0.0   0.00     0.0    0.0   0.26
21   C.ar     30.8    0.0    0.0   0.00     0.0    0.0   0.25
22   C.ar     37.8    0.0    0.0   0.00     0.0    0.0   0.28
23   N.pl3    32.6    1.7    0.0   0.00     0.0    0.0   0.39
24   N.ar     31.3    1.0    0.0   0.00     0.0    0.0   0.33
25   C.ar     33.3    0.0    0.0   0.00     0.0    0.0   0.26
26   N.ar     21.2    0.0    0.0   0.00     0.0    0.0   0.21
27   C.ar     24.8    0.0    0.0   0.00     0.0    0.0   0.23
28   H         0.0    0.0    0.0   0.00     0.0    0.0   0.00
29   H         0.0    0.0    0.0   0.00     0.0    0.0   0.00
30   H         0.0    0.0    0.0   0.00     0.0    0.0   0.00
31   H         0.0    0.0    0.0   0.00     0.0    0.0   0.00
32   H         0.0    0.0    0.0   0.00     0.0    0.0   0.00
33   H         0.0    0.0    0.0   0.00     0.0    0.0   0.00
34   H         0.0    0.0    0.0   0.00     0.0    0.0   0.00
35   H         0.0    0.0    0.0   0.00     0.0    0.0   0.00
36   H         0.0    0.0    0.0   0.00     0.0    0.0   0.00
37   H         0.0    0.0    0.0   0.00     0.0    0.0   0.00
38   H         0.0    0.0    0.0   0.00     0.0    0.0   0.00
39   H         0.0    0.0    0.0   0.00     0.0    0.0   0.00
40   H         0.0    0.0    0.0   0.00     0.0    0.0   0.00
--------------------------------------------------------------
Total        600.1    8.9    0.0   0.00     0.0    6.0   6.03
--------------------------------------------------------------

Scoring functions used in computation:

HPSCORE = 3.441 + (0.004)*VDW + (0.054)*HB + (0.009)*HP + (-0.061)*RT =  5.96
HMSCORE = 3.567 + (0.004)*VDW + (0.101)*HB + (0.387)*HM + (-0.097)*RT =  6.28
HSSCORE = 3.328 + (0.004)*VDW + (0.073)*HB + (0.004)*HS + (-0.090)*RT =  5.84

<END>

### X-Score scoring information
### Created by X-Score on Sun Aug  5 21:49:42 2018

<MOLECULE> site1670
<FORMULA> C10H13N5O10P2
<WEIGHT>  425.1
<ATOM> 40
--------------------------------------------------------------
ID   Type     VDW     HB     HP     HM      HS     RT   Score
--------------------------------------------------------------
1    P.3      34.9    0.0    0.0   0.00     0.0    0.5   0.23
2    O.co2    29.4    1.1    0.0   0.00     0.0    0.0   0.33
3    O.3      27.3    1.1    0.0   0.00     0.0    0.0   0.32
4    O.co2    20.6    1.0    0.0   0.00     0.0    0.0   0.28
5    P.3      27.2    0.0    0.0   0.00     0.0    1.0   0.15
6    O.co2    15.2    0.0    0.0   0.00     0.0    0.0   0.19
7    O.co2    23.3    1.0    0.0   0.00     0.0    0.0   0.30
8    O.3      23.5    0.9    0.0   0.00     0.0    1.0   0.20
9    O.3      17.7    0.0    0.0   0.00     0.0    1.0   0.12
10   C.3      20.5    0.0    0.0   0.00     0.0    1.0   0.13
11   C.3      14.6    0.0    0.0   0.00     0.0    0.5   0.14
12   O.3      10.3    0.0    0.0   0.00     0.0    0.0   0.17
13   C.3      11.9    0.0    0.0   0.00     0.0    0.0   0.18
14   O.3       4.7    0.0    0.0   0.00     0.0    0.0   0.15
15   C.3      16.3    0.0    0.0   0.00     0.0    0.0   0.19
16   O.3      11.5    0.6    0.0   0.00     0.0    0.0   0.22
17   C.3      15.0    0.0    0.0   0.00     0.0    0.5   0.15
18   N.ar     16.7    0.0    0.0   0.00     0.0    0.5   0.15
19   C.ar     24.9    0.0    0.0   0.00     0.0    0.0   0.23
20   N.ar     23.7    0.5    0.0   0.00     0.0    0.0   0.26
21   C.ar     30.5    0.0    0.0   0.00     0.0    0.0   0.25
22   C.ar     37.6    0.0    0.0   0.00     0.0    0.0   0.28
23   N.pl3    33.2    1.7    0.0   0.00     0.0    0.0   0.39
24   N.ar     30.9    1.0    0.0   0.00     0.0    0.0   0.33
25   C.ar     32.9    0.0    0.0   0.00     0.0    0.0   0.26
26   N.ar     20.9    0.0    0.0   0.00     0.0    0.0   0.21
27   C.ar     24.5    0.0    0.0   0.00     0.0    0.0   0.23
28   H         0.0    0.0    0.0   0.00     0.0    0.0   0.00
29   H         0.0    0.0    0.0   0.00     0.0    0.0   0.00
30   H         0.0    0.0    0.0   0.00     0.0    0.0   0.00
31   H         0.0    0.0    0.0   0.00     0.0    0.0   0.00
32   H         0.0    0.0    0.0   0.00     0.0    0.0   0.00
33   H         0.0    0.0    0.0   0.00     0.0    0.0   0.00
34   H         0.0    0.0    0.0   0.00     0.0    0.0   0.00
35   H         0.0    0.0    0.0   0.00     0.0    0.0   0.00
36   H         0.0    0.0    0.0   0.00     0.0    0.0   0.00
37   H         0.0    0.0    0.0   0.00     0.0    0.0   0.00
38   H         0.0    0.0    0.0   0.00     0.0    0.0   0.00
39   H         0.0    0.0    0.0   0.00     0.0    0.0   0.00
40   H         0.0    0.0    0.0   0.00     0.0    0.0   0.00
--------------------------------------------------------------
Total        599.5    8.9    0.0   0.00     0.0    6.0   6.02
--------------------------------------------------------------

Scoring functions used in computation:

HPSCORE = 3.441 + (0.004)*VDW + (0.054)*HB + (0.009)*HP + (-0.061)*RT =  5.95
HMSCORE = 3.567 + (0.004)*VDW + (0.101)*HB + (0.387)*HM + (-0.097)*RT =  6.28
HSSCORE = 3.328 + (0.004)*VDW + (0.073)*HB + (0.004)*HS + (-0.090)*RT =  5.83

<END>

### X-Score scoring information
### Created by X-Score on Sun Aug  5 21:49:42 2018

<MOLECULE> site1524
<FORMULA> C10H13N5O10P2
<WEIGHT>  425.1
<ATOM> 40
--------------------------------------------------------------
ID   Type     VDW     HB     HP     HM      HS     RT   Score
--------------------------------------------------------------
1    P.3      34.0    0.0    0.0   0.00     0.0    0.5   0.22
2    O.co2    29.8    1.1    0.0   0.00     0.0    0.0   0.33
3    O.3      26.6    1.0    0.0   0.00     0.0    0.0   0.31
4    O.co2    19.8    0.9    0.0   0.00     0.0    0.0   0.27
5    P.3      26.8    0.0    0.0   0.00     0.0    1.0   0.15
6    O.co2    14.6    0.0    0.0   0.00     0.0    0.0   0.19
7    O.co2    23.2    1.0    0.0   0.00     0.0    0.0   0.30
8    O.3      23.1    0.7    0.0   0.00     0.0    1.0   0.19
9    O.3      17.1    0.0    0.0   0.00     0.0    1.0   0.11
10   C.3      20.7    0.0    0.0   0.00     0.0    1.0   0.13
11   C.3      14.3    0.0    0.0   0.00     0.0    0.5   0.14
12   O.3      10.0    0.0    0.0   0.00     0.0    0.0   0.17
13   C.3      12.2    0.0    0.0   0.00     0.0    0.0   0.18
14   O.3       4.4    0.0    0.0   0.00     0.0    0.0   0.15
15   C.3      16.6    0.0    0.0   0.00     0.0    0.0   0.19
16   O.3      12.0    0.6    0.0   0.00     0.0    0.0   0.22
17   C.3      15.5    0.0    0.0   0.00     0.0    0.5   0.15
18   N.ar     17.0    0.0    0.0   0.00     0.0    0.5   0.15
19   C.ar     24.8    0.0    0.0   0.00     0.0    0.0   0.23
20   N.ar     24.0    0.5    0.0   0.00     0.0    0.0   0.26
21   C.ar     31.4    0.0    0.0   0.00     0.0    0.0   0.25
22   C.ar     38.4    0.0    0.0   0.00     0.0    0.0   0.28
23   N.pl3    32.9    1.9    0.0   0.00     0.0    0.0   0.41
24   N.ar     30.4    1.0    0.0   0.00     0.0    0.0   0.33
25   C.ar     32.9    0.0    0.0   0.00     0.0    0.0   0.26
26   N.ar     22.2    0.0    0.0   0.00     0.0    0.0   0.22
27   C.ar     25.3    0.0    0.0   0.00     0.0    0.0   0.23
28   H         0.0    0.0    0.0   0.00     0.0    0.0   0.00
29   H         0.0    0.0    0.0   0.00     0.0    0.0   0.00
30   H         0.0    0.0    0.0   0.00     0.0    0.0   0.00
31   H         0.0    0.0    0.0   0.00     0.0    0.0   0.00
32   H         0.0    0.0    0.0   0.00     0.0    0.0   0.00
33   H         0.0    0.0    0.0   0.00     0.0    0.0   0.00
34   H         0.0    0.0    0.0   0.00     0.0    0.0   0.00
35   H         0.0    0.0    0.0   0.00     0.0    0.0   0.00
36   H         0.0    0.0    0.0   0.00     0.0    0.0   0.00
37   H         0.0    0.0    0.0   0.00     0.0    0.0   0.00
38   H         0.0    0.0    0.0   0.00     0.0    0.0   0.00
39   H         0.0    0.0    0.0   0.00     0.0    0.0   0.00
40   H         0.0    0.0    0.0   0.00     0.0    0.0   0.00
--------------------------------------------------------------
Total        600.0    8.8    0.0   0.00     0.0    6.0   6.02
--------------------------------------------------------------

Scoring functions used in computation:

HPSCORE = 3.441 + (0.004)*VDW + (0.054)*HB + (0.009)*HP + (-0.061)*RT =  5.95
HMSCORE = 3.567 + (0.004)*VDW + (0.101)*HB + (0.387)*HM + (-0.097)*RT =  6.28
HSSCORE = 3.328 + (0.004)*VDW + (0.073)*HB + (0.004)*HS + (-0.090)*RT =  5.83

<END>

### X-Score scoring information
### Created by X-Score on Sun Aug  5 21:49:42 2018

<MOLECULE> site1326
<FORMULA> C10H13N5O10P2
<WEIGHT>  425.1
<ATOM> 40
--------------------------------------------------------------
ID   Type     VDW     HB     HP     HM      HS     RT   Score
--------------------------------------------------------------
1    P.3      34.6    0.0    0.0   0.00     0.0    0.5   0.22
2    O.co2    29.5    1.2    0.0   0.00     0.0    0.0   0.34
3    O.3      27.3    1.1    0.0   0.00     0.0    0.0   0.32
4    O.co2    20.5    0.9    0.0   0.00     0.0    0.0   0.27
5    P.3      27.2    0.0    0.0   0.00     0.0    1.0   0.15
6    O.co2    14.9    0.0    0.0   0.00     0.0    0.0   0.19
7    O.co2    23.5    1.0    0.0   0.00     0.0    0.0   0.30
8    O.3      23.8    0.8    0.0   0.00     0.0    1.0   0.20
9    O.3      17.4    0.0    0.0   0.00     0.0    1.0   0.11
10   C.3      20.0    0.0    0.0   0.00     0.0    1.0   0.13
11   C.3      13.7    0.0    0.0   0.00     0.0    0.5   0.14
12   O.3      10.1    0.0    0.0   0.00     0.0    0.0   0.17
13   C.3      11.8    0.0    0.0   0.00     0.0    0.0   0.17
14   O.3       4.5    0.0    0.0   0.00     0.0    0.0   0.15
15   C.3      16.1    0.0    0.0   0.00     0.0    0.0   0.19
16   O.3      11.5    0.7    0.0   0.00     0.0    0.0   0.23
17   C.3      14.9    0.0    0.0   0.00     0.0    0.5   0.15
18   N.ar     16.4    0.0    0.0   0.00     0.0    0.5   0.15
19   C.ar     24.8    0.0    0.0   0.00     0.0    0.0   0.23
20   N.ar     23.8    0.6    0.0   0.00     0.0    0.0   0.27
21   C.ar     30.0    0.0    0.0   0.00     0.0    0.0   0.25
22   C.ar     37.3    0.0    0.0   0.00     0.0    0.0   0.28
23   N.pl3    33.3    1.6    0.0   0.00     0.0    0.0   0.38
24   N.ar     30.9    1.0    0.0   0.00     0.0    0.0   0.33
25   C.ar     32.8    0.0    0.0   0.00     0.0    0.0   0.26
26   N.ar     20.4    0.0    0.0   0.00     0.0    0.0   0.21
27   C.ar     24.2    0.0    0.0   0.00     0.0    0.0   0.22
28   H         0.0    0.0    0.0   0.00     0.0    0.0   0.00
29   H         0.0    0.0    0.0   0.00     0.0    0.0   0.00
30   H         0.0    0.0    0.0   0.00     0.0    0.0   0.00
31   H         0.0    0.0    0.0   0.00     0.0    0.0   0.00
32   H         0.0    0.0    0.0   0.00     0.0    0.0   0.00
33   H         0.0    0.0    0.0   0.00     0.0    0.0   0.00
34   H         0.0    0.0    0.0   0.00     0.0    0.0   0.00
35   H         0.0    0.0    0.0   0.00     0.0    0.0   0.00
36   H         0.0    0.0    0.0   0.00     0.0    0.0   0.00
37   H         0.0    0.0    0.0   0.00     0.0    0.0   0.00
38   H         0.0    0.0    0.0   0.00     0.0    0.0   0.00
39   H         0.0    0.0    0.0   0.00     0.0    0.0   0.00
40   H         0.0    0.0    0.0   0.00     0.0    0.0   0.00
--------------------------------------------------------------
Total        595.2    8.9    0.0   0.00     0.0    6.0   6.01
--------------------------------------------------------------

Scoring functions used in computation:

HPSCORE = 3.441 + (0.004)*VDW + (0.054)*HB + (0.009)*HP + (-0.061)*RT =  5.94
HMSCORE = 3.567 + (0.004)*VDW + (0.101)*HB + (0.387)*HM + (-0.097)*RT =  6.26
HSSCORE = 3.328 + (0.004)*VDW + (0.073)*HB + (0.004)*HS + (-0.090)*RT =  5.82

<END>

### X-Score scoring information
### Created by X-Score on Sun Aug  5 21:49:42 2018

<MOLECULE> site1103
<FORMULA> C10H13N5O10P2
<WEIGHT>  425.1
<ATOM> 40
--------------------------------------------------------------
ID   Type     VDW     HB     HP     HM      HS     RT   Score
--------------------------------------------------------------
1    P.3      34.4    0.0    0.0   0.00     0.0    0.5   0.22
2    O.co2    29.2    1.2    0.0   0.00     0.0    0.0   0.34
3    O.3      27.0    1.1    0.0   0.00     0.0    0.0   0.32
4    O.co2    20.4    0.9    0.0   0.00     0.0    0.0   0.28
5    P.3      27.1    0.0    0.0   0.00     0.0    1.0   0.15
6    O.co2    14.7    0.0    0.0   0.00     0.0    0.0   0.19
7    O.co2    23.5    1.0    0.0   0.00     0.0    0.0   0.30
8    O.3      23.4    0.8    0.0   0.00     0.0    1.0   0.20
9    O.3      17.4    0.0    0.0   0.00     0.0    1.0   0.11
10   C.3      20.5    0.0    0.0   0.00     0.0    1.0   0.13
11   C.3      14.4    0.0    0.0   0.00     0.0    0.5   0.14
12   O.3      10.2    0.0    0.0   0.00     0.0    0.0   0.17
13   C.3      11.7    0.0    0.0   0.00     0.0    0.0   0.17
14   O.3       4.6    0.0    0.0   0.00     0.0    0.0   0.15
15   C.3      16.0    0.0    0.0   0.00     0.0    0.0   0.19
16   O.3      11.4    0.5    0.0   0.00     0.0    0.0   0.21
17   C.3      14.9    0.0    0.0   0.00     0.0    0.5   0.15
18   N.ar     16.5    0.0    0.0   0.00     0.0    0.5   0.15
19   C.ar     24.9    0.0    0.0   0.00     0.0    0.0   0.23
20   N.ar     23.9    0.5    0.0   0.00     0.0    0.0   0.26
21   C.ar     30.3    0.0    0.0   0.00     0.0    0.0   0.25
22   C.ar     37.7    0.0    0.0   0.00     0.0    0.0   0.28
23   N.pl3    33.3    1.7    0.0   0.00     0.0    0.0   0.39
24   N.ar     30.9    1.0    0.0   0.00     0.0    0.0   0.33
25   C.ar     32.9    0.0    0.0   0.00     0.0    0.0   0.26
26   N.ar     21.1    0.0    0.0   0.00     0.0    0.0   0.21
27   C.ar     24.5    0.0    0.0   0.00     0.0    0.0   0.23
28   H         0.0    0.0    0.0   0.00     0.0    0.0   0.00
29   H         0.0    0.0    0.0   0.00     0.0    0.0   0.00
30   H         0.0    0.0    0.0   0.00     0.0    0.0   0.00
31   H         0.0    0.0    0.0   0.00     0.0    0.0   0.00
32   H         0.0    0.0    0.0   0.00     0.0    0.0   0.00
33   H         0.0    0.0    0.0   0.00     0.0    0.0   0.00
34   H         0.0    0.0    0.0   0.00     0.0    0.0   0.00
35   H         0.0    0.0    0.0   0.00     0.0    0.0   0.00
36   H         0.0    0.0    0.0   0.00     0.0    0.0   0.00
37   H         0.0    0.0    0.0   0.00     0.0    0.0   0.00
38   H         0.0    0.0    0.0   0.00     0.0    0.0   0.00
39   H         0.0    0.0    0.0   0.00     0.0    0.0   0.00
40   H         0.0    0.0    0.0   0.00     0.0    0.0   0.00
--------------------------------------------------------------
Total        596.9    8.8    0.0   0.00     0.0    6.0   6.01
--------------------------------------------------------------

Scoring functions used in computation:

HPSCORE = 3.441 + (0.004)*VDW + (0.054)*HB + (0.009)*HP + (-0.061)*RT =  5.94
HMSCORE = 3.567 + (0.004)*VDW + (0.101)*HB + (0.387)*HM + (-0.097)*RT =  6.26
HSSCORE = 3.328 + (0.004)*VDW + (0.073)*HB + (0.004)*HS + (-0.090)*RT =  5.82

<END>

