log started: Tue Dec 20 12:06:33 2005

Log file: ./ions94.log
> #
> #	Monovalent, monoatomic ions using '94 atom types.
> #	The Li+..Cs+ series uses types derived from the
> #	work of Aqvist (see force field documentation).
> #	IB (ion+water) is a hack for vacuum modeling.
> #
> 
> i = createAtom   Li+  Li  1.0
> set i    element Li
> set i    position { 0 0 0 }
> r = createResidue Li+
> add r i
> Li+ = createUnit Li+
> add Li+ r
> saveOff Li+ ./ions94.lib
Saving Li+.
Building topology.
Building atom parameters.
> 
> i = createAtom   Na+  IP  1.0
> set i    element Na
> set i    position { 0 0 0 }
> r = createResidue CIO
> add r i
> CIO = createUnit CIO
> add CIO r
> saveOff CIO ./ions94.lib
Saving CIO.
Building topology.
Building atom parameters.
> 
> i = createAtom   Na+  IP  1.0
> set i    element Na
> set i    position { 0 0 0 }
> r = createResidue Na+
> add r i
> Na+ = createUnit Na+
> add Na+ r
> saveOff Na+ ./ions94.lib
Saving Na+.
Building topology.
Building atom parameters.
> 
> i = createAtom   K+   K   1.0
> set i    element K
> set i    position { 0 0 0 }
> r = createResidue K+
> add r i
> K+ = createUnit K+
> add K+ r
> saveOff K+ ./ions94.lib
Saving K+.
Building topology.
Building atom parameters.
> 
> i = createAtom   Rb+  Rb  1.0
> set i    element Rb
> set i    position { 0 0 0 }
> r = createResidue Rb+
> add r i
> Rb+ = createUnit Rb+
> add Rb+ r
> saveOff Rb+ ./ions94.lib
Saving Rb+.
Building topology.
Building atom parameters.
> 
> i = createAtom   Cs+  Cs  1.0
> set i    element Cs
> set i    position { 0 0 0 }
> r = createResidue Cs+
> add r i
> Cs+ = createUnit Cs+
> add Cs+ r
> saveOff Cs+ ./ions94.lib
Saving Cs+.
Building topology.
Building atom parameters.
> 
> i = createAtom   Cl-  IM  -1.0
> set i    element Cl
> set i    position { 0 0 0 }
> r = createResidue Cl-
> add r i
> Cl- = createUnit Cl-
> add Cl- r
> saveOff Cl- ./ions94.lib
Saving Cl-.
Building topology.
Building atom parameters.
> 
> i = createAtom   MG  MG  2.0
> set i    element Mg
> set i    position { 0 0 0 }
> r = createResidue MG
> add r i
> MG = createUnit MG
> add MG r
> saveOff MG ./ions94.lib
Saving MG.
Building topology.
Building atom parameters.
> 
> i = createAtom   ZN  ZN  2.0
> set i    element Zn
> set i    position { 0 0 0 }
> r = createResidue ZN
> add r i
> ZN = createUnit ZN
> add ZN r
> saveOff ZN ./ions94.lib
Saving ZN.
Building topology.
Building atom parameters.
> 
> i = createAtom   CA  CA  2.0
> set i    element Ca
> set i    position { 0 0 0 }
> r = createResidue CA
> add r i
> CA = createUnit CA
> add CA r
> saveOff CA ./ions94.lib
Saving CA.
Building topology.
Building atom parameters.
> 
> i = createAtom   IB   IB  1.0
> set i    element Cs
> set i    position { 0 0 0 }
> r = createResidue IB
> add r i
> IB = createUnit IB
> add IB r
> saveOff IB ./ions94.lib
Saving IB.
Building topology.
Building atom parameters.
> quit
	Quit
log started: Tue Dec 20 12:32:07 2005

Log file: ./ions94.log
> #
> #	Monovalent, monoatomic ions using '94 atom types.
> #	The Li+..Cs+ series uses types derived from the
> #	work of Aqvist (see force field documentation).
> #	IB (ion+water) is a hack for vacuum modeling.
> #
> 
> i = createAtom   Li+  Li  1.0
> set i    element Li
> set i    position { 0 0 0 }
> r = createResidue Li+
> add r i
> Li+ = createUnit Li+
> add Li+ r
> saveOff Li+ ./ions94.lib
Saving Li+.
Building topology.
Building atom parameters.
> 
> i = createAtom   Na+  IP  1.0
> set i    element Na
> set i    position { 0 0 0 }
> r = createResidue CIO
> add r i
> CIO = createUnit CIO
> add CIO r
> saveOff CIO ./ions94.lib
Saving CIO.
Building topology.
Building atom parameters.
> 
> i = createAtom   K+   K   1.0
> set i    element K
> set i    position { 0 0 0 }
> r = createResidue K+
> add r i
> K+ = createUnit K+
> add K+ r
> saveOff K+ ./ions94.lib
Saving K+.
Building topology.
Building atom parameters.
> 
> i = createAtom   Rb+  Rb  1.0
> set i    element Rb
> set i    position { 0 0 0 }
> r = createResidue Rb+
> add r i
> Rb+ = createUnit Rb+
> add Rb+ r
> saveOff Rb+ ./ions94.lib
Saving Rb+.
Building topology.
Building atom parameters.
> 
> i = createAtom   Cs+  Cs  1.0
> set i    element Cs
> set i    position { 0 0 0 }
> r = createResidue Cs+
> add r i
> Cs+ = createUnit Cs+
> add Cs+ r
> saveOff Cs+ ./ions94.lib
Saving Cs+.
Building topology.
Building atom parameters.
> 
> i = createAtom   Cl-  IM  -1.0
> set i    element Cl
> set i    position { 0 0 0 }
> r = createResidue Cl-
> add r i
> Cl- = createUnit Cl-
> add Cl- r
> saveOff Cl- ./ions94.lib
Saving Cl-.
Building topology.
Building atom parameters.
> 
> i = createAtom   MG  Mg  2.0
> set i    element Mg
> set i    position { 0 0 0 }
> r = createResidue MG
> add r i
> MG = createUnit MG
> add MG r
> saveOff MG ./ions94.lib
Saving MG.
Building topology.
Building atom parameters.
> 
> i = createAtom   ZN  Zn  2.0
> set i    element Zn
> set i    position { 0 0 0 }
> r = createResidue ZN
> add r i
> ZN = createUnit ZN
> add ZN r
> saveOff ZN ./ions94.lib
Saving ZN.
Building topology.
Building atom parameters.
> 
> i = createAtom   CA  Ca  2.0
> set i    element Ca
> set i    position { 0 0 0 }
> r = createResidue CA
> add r i
> CA = createUnit CA
> add CA r
> saveOff CA ./ions94.lib
Saving CA.
Building topology.
Building atom parameters.
> 
> quit
	Quit
