log started: Wed Jun 30 07:54:26 2004

Log file: ./leap.log
>> #
>> # ----- leaprc for loading the glycam04EP force field, with lone pairs
>> #       with sp2 lone pairs of 0.45A and sp3 lone pairs 0.70A
>> #       no lone pairs on carboxyalte groups
>> #
>> #       load atom type hybridizations
>> #
>> addAtomTypes {
>>         { "H"   "H" "sp3" }
>>         { "HO"  "H" "sp3" }
>>         { "H1"  "H" "sp3" }
>>         { "H2"  "H" "sp3" }
>>         { "HW"  "H" "sp3" }
>>         { "HC"  "H" "sp3" }
>>         { "OH"  "O" "sp3" }
>>         { "OS"  "O" "sp3" }
>>         { "O"   "O" "sp2" }
>>         { "O2"  "O" "sp2" }
>>         { "OW"  "O" "sp3" }
>>         { "C"   "C" "sp2" }
>>         { "CG"  "C" "sp3" }
>>         { "EP"  ""  "sp3" }
>> }
>> #
>> #       load the main paramter set
>> #
>> glycam04EP = loadamberparams glycam04EP.dat
Loading parameters: ./glycam04EP.dat
Title:
GLYCAM PARAMETERS (FOR AMBER 8.0), COPYRIGHT R.J.WOODS, CCRC 2003
WARNING: incomplete Improper Torsion line:
  HW  OW  0000.     0000.                                4.  flag for fast water
No mass was defined for non-bond atom type: H3 - ignoring
(UNKNOWN ATOM TYPE: N)
(UNKNOWN ATOM TYPE: N)
(UNKNOWN ATOM TYPE: N)
(UNKNOWN ATOM TYPE: N)
(UNKNOWN ATOM TYPE: N)
(UNKNOWN ATOM TYPE: N)
(UNKNOWN ATOM TYPE: N)
(UNKNOWN ATOM TYPE: N)
(UNKNOWN ATOM TYPE: N)
(UNKNOWN ATOM TYPE: EP)
>> #
>> #       load all prep files for polysaccharides including lone pairs
>> #
>> loadamberprep glycam04EP.in
Loading Prep file: /home/case/amber9/dat/leap/prep/glycam04EP.in
(UNKNOWN ATOM TYPE: EP)
(UNKNOWN ATOM TYPE: EP)
(UNKNOWN ATOM TYPE: EP)
(UNKNOWN ATOM TYPE: EP)
(UNKNOWN ATOM TYPE: EP)
(UNKNOWN ATOM TYPE: EP)
(UNKNOWN ATOM TYPE: EP)
(UNKNOWN ATOM TYPE: EP)
(UNKNOWN ATOM TYPE: EP)
(UNKNOWN ATOM TYPE: EP)
(UNKNOWN ATOM TYPE: EP)
(UNKNOWN ATOM TYPE: EP)
(UNKNOWN ATOM TYPE: EP)
(UNKNOWN ATOM TYPE: EP)
(UNKNOWN ATOM TYPE: EP)
(UNKNOWN ATOM TYPE: EP)
(UNKNOWN ATOM TYPE: EP)
(UNKNOWN ATOM TYPE: EP)
(UNKNOWN ATOM TYPE: EP)
(UNKNOWN ATOM TYPE: EP)
(UNKNOWN ATOM TYPE: EP)
(UNKNOWN ATOM TYPE: EP)
(UNKNOWN ATOM TYPE: EP)
(UNKNOWN ATOM TYPE: EP)
(UNKNOWN ATOM TYPE: EP)
(UNKNOWN ATOM TYPE: EP)
(UNKNOWN ATOM TYPE: EP)
(UNKNOWN ATOM TYPE: EP)
(UNKNOWN ATOM TYPE: EP)
(UNKNOWN ATOM TYPE: EP)
(UNKNOWN ATOM TYPE: EP)
(UNKNOWN ATOM TYPE: EP)
(UNKNOWN ATOM TYPE: EP)
(UNKNOWN ATOM TYPE: EP)
(UNKNOWN ATOM TYPE: EP)
(UNKNOWN ATOM TYPE: EP)
(UNKNOWN ATOM TYPE: EP)
(UNKNOWN ATOM TYPE: EP)
(UNKNOWN ATOM TYPE: EP)
(UNKNOWN ATOM TYPE: EP)
(UNKNOWN ATOM TYPE: EP)
(UNKNOWN ATOM TYPE: EP)
(UNKNOWN ATOM TYPE: EP)
(UNKNOWN ATOM TYPE: EP)
(UNKNOWN ATOM TYPE: EP)
(UNKNOWN ATOM TYPE: EP)
(UNKNOWN ATOM TYPE: EP)
(UNKNOWN ATOM TYPE: EP)
(UNKNOWN ATOM TYPE: EP)
(UNKNOWN ATOM TYPE: EP)
(UNKNOWN ATOM TYPE: EP)
(UNKNOWN ATOM TYPE: EP)
(UNKNOWN ATOM TYPE: EP)
(UNKNOWN ATOM TYPE: EP)
(UNKNOWN ATOM TYPE: EP)
(UNKNOWN ATOM TYPE: EP)
(UNKNOWN ATOM TYPE: EP)
(UNKNOWN ATOM TYPE: EP)
(UNKNOWN ATOM TYPE: EP)
(UNKNOWN ATOM TYPE: EP)
(UNKNOWN ATOM TYPE: EP)
(UNKNOWN ATOM TYPE: EP)
(UNKNOWN ATOM TYPE: EP)
(UNKNOWN ATOM TYPE: EP)
(UNKNOWN ATOM TYPE: EP)
(UNKNOWN ATOM TYPE: EP)
(UNKNOWN ATOM TYPE: EP)
(UNKNOWN ATOM TYPE: EP)
(UNKNOWN ATOM TYPE: EP)
(UNKNOWN ATOM TYPE: EP)
(UNKNOWN ATOM TYPE: EP)
(UNKNOWN ATOM TYPE: EP)
(UNKNOWN ATOM TYPE: EP)
(UNKNOWN ATOM TYPE: EP)
(UNKNOWN ATOM TYPE: EP)
(UNKNOWN ATOM TYPE: EP)
(UNKNOWN ATOM TYPE: EP)
(UNKNOWN ATOM TYPE: EP)
(UNKNOWN ATOM TYPE: EP)
(UNKNOWN ATOM TYPE: EP)
(UNKNOWN ATOM TYPE: EP)
(UNKNOWN ATOM TYPE: EP)
(UNKNOWN ATOM TYPE: EP)
(UNKNOWN ATOM TYPE: EP)
(UNKNOWN ATOM TYPE: EP)
(UNKNOWN ATOM TYPE: EP)
(UNKNOWN ATOM TYPE: EP)
(UNKNOWN ATOM TYPE: EP)
(UNKNOWN ATOM TYPE: EP)
(UNKNOWN ATOM TYPE: EP)
(UNKNOWN ATOM TYPE: EP)
(UNKNOWN ATOM TYPE: EP)
(UNKNOWN ATOM TYPE: EP)
(UNKNOWN ATOM TYPE: EP)
(UNKNOWN ATOM TYPE: EP)
(UNKNOWN ATOM TYPE: EP)
(UNKNOWN ATOM TYPE: EP)
(UNKNOWN ATOM TYPE: EP)
(UNKNOWN ATOM TYPE: EP)
(UNKNOWN ATOM TYPE: EP)
(UNKNOWN ATOM TYPE: EP)
(UNKNOWN ATOM TYPE: EP)
(UNKNOWN ATOM TYPE: EP)
(UNKNOWN ATOM TYPE: EP)
(UNKNOWN ATOM TYPE: EP)
(UNKNOWN ATOM TYPE: EP)
(UNKNOWN ATOM TYPE: EP)
(UNKNOWN ATOM TYPE: EP)
(UNKNOWN ATOM TYPE: EP)
(UNKNOWN ATOM TYPE: EP)
(UNKNOWN ATOM TYPE: EP)
(UNKNOWN ATOM TYPE: EP)
(UNKNOWN ATOM TYPE: EP)
(UNKNOWN ATOM TYPE: EP)
(UNKNOWN ATOM TYPE: EP)
(UNKNOWN ATOM TYPE: EP)
(UNKNOWN ATOM TYPE: EP)
(UNKNOWN ATOM TYPE: EP)
(UNKNOWN ATOM TYPE: EP)
(UNKNOWN ATOM TYPE: EP)
(UNKNOWN ATOM TYPE: EP)
(UNKNOWN ATOM TYPE: EP)
(UNKNOWN ATOM TYPE: EP)
(UNKNOWN ATOM TYPE: EP)
(UNKNOWN ATOM TYPE: EP)
(UNKNOWN ATOM TYPE: EP)
(UNKNOWN ATOM TYPE: EP)
(UNKNOWN ATOM TYPE: EP)
(UNKNOWN ATOM TYPE: EP)
(UNKNOWN ATOM TYPE: EP)
(UNKNOWN ATOM TYPE: EP)
(UNKNOWN ATOM TYPE: EP)
(UNKNOWN ATOM TYPE: EP)
(UNKNOWN ATOM TYPE: EP)
(UNKNOWN ATOM TYPE: EP)
(UNKNOWN ATOM TYPE: EP)
(UNKNOWN ATOM TYPE: EP)
(UNKNOWN ATOM TYPE: EP)
(UNKNOWN ATOM TYPE: EP)
(UNKNOWN ATOM TYPE: EP)
(UNKNOWN ATOM TYPE: EP)
(UNKNOWN ATOM TYPE: EP)
(UNKNOWN ATOM TYPE: EP)
(UNKNOWN ATOM TYPE: EP)
(UNKNOWN ATOM TYPE: EP)
(UNKNOWN ATOM TYPE: EP)
(UNKNOWN ATOM TYPE: EP)
(UNKNOWN ATOM TYPE: EP)
(UNKNOWN ATOM TYPE: EP)
(UNKNOWN ATOM TYPE: EP)
(UNKNOWN ATOM TYPE: EP)
(UNKNOWN ATOM TYPE: EP)
(UNKNOWN ATOM TYPE: EP)
(UNKNOWN ATOM TYPE: EP)
(UNKNOWN ATOM TYPE: EP)
(UNKNOWN ATOM TYPE: EP)
(UNKNOWN ATOM TYPE: EP)
(UNKNOWN ATOM TYPE: EP)
(UNKNOWN ATOM TYPE: EP)
(UNKNOWN ATOM TYPE: EP)
(UNKNOWN ATOM TYPE: EP)
(UNKNOWN ATOM TYPE: EP)
(UNKNOWN ATOM TYPE: EP)
(UNKNOWN ATOM TYPE: EP)
(UNKNOWN ATOM TYPE: EP)
(UNKNOWN ATOM TYPE: EP)
(UNKNOWN ATOM TYPE: EP)
(UNKNOWN ATOM TYPE: EP)
(UNKNOWN ATOM TYPE: EP)
(UNKNOWN ATOM TYPE: EP)
(UNKNOWN ATOM TYPE: EP)
(UNKNOWN ATOM TYPE: EP)
(UNKNOWN ATOM TYPE: EP)
(UNKNOWN ATOM TYPE: EP)
(UNKNOWN ATOM TYPE: EP)
(UNKNOWN ATOM TYPE: EP)
(UNKNOWN ATOM TYPE: EP)
(UNKNOWN ATOM TYPE: EP)
(UNKNOWN ATOM TYPE: EP)
(UNKNOWN ATOM TYPE: EP)
(UNKNOWN ATOM TYPE: EP)
(UNKNOWN ATOM TYPE: EP)
(UNKNOWN ATOM TYPE: EP)
(UNKNOWN ATOM TYPE: EP)
(UNKNOWN ATOM TYPE: EP)
(UNKNOWN ATOM TYPE: EP)
(UNKNOWN ATOM TYPE: EP)
(UNKNOWN ATOM TYPE: EP)
(UNKNOWN ATOM TYPE: EP)
(UNKNOWN ATOM TYPE: EP)
(UNKNOWN ATOM TYPE: EP)
(UNKNOWN ATOM TYPE: EP)
(UNKNOWN ATOM TYPE: EP)
(UNKNOWN ATOM TYPE: EP)
(UNKNOWN ATOM TYPE: EP)
(UNKNOWN ATOM TYPE: EP)
(UNKNOWN ATOM TYPE: EP)
(UNKNOWN ATOM TYPE: EP)
(UNKNOWN ATOM TYPE: EP)
(UNKNOWN ATOM TYPE: EP)
(UNKNOWN ATOM TYPE: EP)
(UNKNOWN ATOM TYPE: EP)
(UNKNOWN ATOM TYPE: EP)
(UNKNOWN ATOM TYPE: EP)
(UNKNOWN ATOM TYPE: EP)
(UNKNOWN ATOM TYPE: EP)
(UNKNOWN ATOM TYPE: EP)
(UNKNOWN ATOM TYPE: EP)
(UNKNOWN ATOM TYPE: EP)
(UNKNOWN ATOM TYPE: EP)
(UNKNOWN ATOM TYPE: EP)
(UNKNOWN ATOM TYPE: EP)
(UNKNOWN ATOM TYPE: EP)
(UNKNOWN ATOM TYPE: EP)
(UNKNOWN ATOM TYPE: EP)
(UNKNOWN ATOM TYPE: EP)
(UNKNOWN ATOM TYPE: EP)
(UNKNOWN ATOM TYPE: EP)
(UNKNOWN ATOM TYPE: EP)
(UNKNOWN ATOM TYPE: EP)
(UNKNOWN ATOM TYPE: EP)
(UNKNOWN ATOM TYPE: EP)
(UNKNOWN ATOM TYPE: EP)
(UNKNOWN ATOM TYPE: EP)
(UNKNOWN ATOM TYPE: EP)
(UNKNOWN ATOM TYPE: EP)
(UNKNOWN ATOM TYPE: EP)
(UNKNOWN ATOM TYPE: EP)
(UNKNOWN ATOM TYPE: EP)
(UNKNOWN ATOM TYPE: EP)
(UNKNOWN ATOM TYPE: EP)
(UNKNOWN ATOM TYPE: EP)
(UNKNOWN ATOM TYPE: EP)
(UNKNOWN ATOM TYPE: EP)
(UNKNOWN ATOM TYPE: EP)
(UNKNOWN ATOM TYPE: EP)
(UNKNOWN ATOM TYPE: EP)
(UNKNOWN ATOM TYPE: EP)
(UNKNOWN ATOM TYPE: EP)
(UNKNOWN ATOM TYPE: EP)
(UNKNOWN ATOM TYPE: EP)
(UNKNOWN ATOM TYPE: EP)
(UNKNOWN ATOM TYPE: EP)
(UNKNOWN ATOM TYPE: EP)
(UNKNOWN ATOM TYPE: EP)
(UNKNOWN ATOM TYPE: EP)
(UNKNOWN ATOM TYPE: EP)
(UNKNOWN ATOM TYPE: EP)
(UNKNOWN ATOM TYPE: EP)
(UNKNOWN ATOM TYPE: EP)
(UNKNOWN ATOM TYPE: EP)
(UNKNOWN ATOM TYPE: EP)
(UNKNOWN ATOM TYPE: EP)
(UNKNOWN ATOM TYPE: EP)
(UNKNOWN ATOM TYPE: EP)
(UNKNOWN ATOM TYPE: EP)
(UNKNOWN ATOM TYPE: EP)
(UNKNOWN ATOM TYPE: EP)
(UNKNOWN ATOM TYPE: EP)
(UNKNOWN ATOM TYPE: EP)
(UNKNOWN ATOM TYPE: EP)
(UNKNOWN ATOM TYPE: EP)
(UNKNOWN ATOM TYPE: EP)
(UNKNOWN ATOM TYPE: EP)
(UNKNOWN ATOM TYPE: EP)
(UNKNOWN ATOM TYPE: EP)
(UNKNOWN ATOM TYPE: EP)
(UNKNOWN ATOM TYPE: EP)
(UNKNOWN ATOM TYPE: EP)
(UNKNOWN ATOM TYPE: EP)
(UNKNOWN ATOM TYPE: EP)
(UNKNOWN ATOM TYPE: EP)
(UNKNOWN ATOM TYPE: EP)
(UNKNOWN ATOM TYPE: EP)
(UNKNOWN ATOM TYPE: EP)
(UNKNOWN ATOM TYPE: EP)
(UNKNOWN ATOM TYPE: EP)
(UNKNOWN ATOM TYPE: EP)
(UNKNOWN ATOM TYPE: EP)
(UNKNOWN ATOM TYPE: EP)
(UNKNOWN ATOM TYPE: EP)
(UNKNOWN ATOM TYPE: EP)
(UNKNOWN ATOM TYPE: EP)
(UNKNOWN ATOM TYPE: EP)
(UNKNOWN ATOM TYPE: EP)
(UNKNOWN ATOM TYPE: EP)
(UNKNOWN ATOM TYPE: EP)
(UNKNOWN ATOM TYPE: EP)
(UNKNOWN ATOM TYPE: EP)
(UNKNOWN ATOM TYPE: EP)
(UNKNOWN ATOM TYPE: EP)
(UNKNOWN ATOM TYPE: EP)
(UNKNOWN ATOM TYPE: EP)
(UNKNOWN ATOM TYPE: EP)
(UNKNOWN ATOM TYPE: EP)
(UNKNOWN ATOM TYPE: EP)
(UNKNOWN ATOM TYPE: EP)
(UNKNOWN ATOM TYPE: EP)
(UNKNOWN ATOM TYPE: EP)
(UNKNOWN ATOM TYPE: EP)
(UNKNOWN ATOM TYPE: EP)
(UNKNOWN ATOM TYPE: EP)
(UNKNOWN ATOM TYPE: EP)
(UNKNOWN ATOM TYPE: EP)
(UNKNOWN ATOM TYPE: EP)
(UNKNOWN ATOM TYPE: EP)
(UNKNOWN ATOM TYPE: EP)
(UNKNOWN ATOM TYPE: EP)
(UNKNOWN ATOM TYPE: EP)
(UNKNOWN ATOM TYPE: EP)
(UNKNOWN ATOM TYPE: EP)
(UNKNOWN ATOM TYPE: EP)
(UNKNOWN ATOM TYPE: EP)
(UNKNOWN ATOM TYPE: EP)
(UNKNOWN ATOM TYPE: EP)
(UNKNOWN ATOM TYPE: EP)
(UNKNOWN ATOM TYPE: EP)
(UNKNOWN ATOM TYPE: EP)
(UNKNOWN ATOM TYPE: EP)
(UNKNOWN ATOM TYPE: EP)
(UNKNOWN ATOM TYPE: EP)
(UNKNOWN ATOM TYPE: EP)
(UNKNOWN ATOM TYPE: EP)
(UNKNOWN ATOM TYPE: EP)
(UNKNOWN ATOM TYPE: EP)
(UNKNOWN ATOM TYPE: EP)
(UNKNOWN ATOM TYPE: EP)
(UNKNOWN ATOM TYPE: EP)
(UNKNOWN ATOM TYPE: EP)
(UNKNOWN ATOM TYPE: EP)
(UNKNOWN ATOM TYPE: EP)
(UNKNOWN ATOM TYPE: EP)
(UNKNOWN ATOM TYPE: EP)
(UNKNOWN ATOM TYPE: EP)
(UNKNOWN ATOM TYPE: EP)
(UNKNOWN ATOM TYPE: EP)
(UNKNOWN ATOM TYPE: EP)
(UNKNOWN ATOM TYPE: EP)
(UNKNOWN ATOM TYPE: EP)
(UNKNOWN ATOM TYPE: EP)
(UNKNOWN ATOM TYPE: EP)
(UNKNOWN ATOM TYPE: EP)
(UNKNOWN ATOM TYPE: EP)
(UNKNOWN ATOM TYPE: EP)
(UNKNOWN ATOM TYPE: EP)
(UNKNOWN ATOM TYPE: EP)
(UNKNOWN ATOM TYPE: EP)
(UNKNOWN ATOM TYPE: EP)
(UNKNOWN ATOM TYPE: EP)
(UNKNOWN ATOM TYPE: EP)
(UNKNOWN ATOM TYPE: EP)
(UNKNOWN ATOM TYPE: EP)
(UNKNOWN ATOM TYPE: EP)
(UNKNOWN ATOM TYPE: EP)
(UNKNOWN ATOM TYPE: EP)
(UNKNOWN ATOM TYPE: EP)
(UNKNOWN ATOM TYPE: EP)
(UNKNOWN ATOM TYPE: EP)
(UNKNOWN ATOM TYPE: EP)
(UNKNOWN ATOM TYPE: EP)
(UNKNOWN ATOM TYPE: EP)
(UNKNOWN ATOM TYPE: EP)
(UNKNOWN ATOM TYPE: EP)
(UNKNOWN ATOM TYPE: EP)
(UNKNOWN ATOM TYPE: EP)
(UNKNOWN ATOM TYPE: EP)
(UNKNOWN ATOM TYPE: EP)
(UNKNOWN ATOM TYPE: EP)
(UNKNOWN ATOM TYPE: EP)
(UNKNOWN ATOM TYPE: EP)
(UNKNOWN ATOM TYPE: EP)
(UNKNOWN ATOM TYPE: EP)
(UNKNOWN ATOM TYPE: EP)
(UNKNOWN ATOM TYPE: EP)
(UNKNOWN ATOM TYPE: EP)
(UNKNOWN ATOM TYPE: EP)
(UNKNOWN ATOM TYPE: EP)
(UNKNOWN ATOM TYPE: EP)
(UNKNOWN ATOM TYPE: EP)
(UNKNOWN ATOM TYPE: EP)
(UNKNOWN ATOM TYPE: EP)
(UNKNOWN ATOM TYPE: EP)
(UNKNOWN ATOM TYPE: EP)
(UNKNOWN ATOM TYPE: EP)
(UNKNOWN ATOM TYPE: EP)
(UNKNOWN ATOM TYPE: EP)
(UNKNOWN ATOM TYPE: EP)
(UNKNOWN ATOM TYPE: EP)
(UNKNOWN ATOM TYPE: EP)
(UNKNOWN ATOM TYPE: EP)
(UNKNOWN ATOM TYPE: EP)
(UNKNOWN ATOM TYPE: EP)
(UNKNOWN ATOM TYPE: EP)
(UNKNOWN ATOM TYPE: EP)
(UNKNOWN ATOM TYPE: EP)
(UNKNOWN ATOM TYPE: EP)
(UNKNOWN ATOM TYPE: EP)
(UNKNOWN ATOM TYPE: EP)
(UNKNOWN ATOM TYPE: EP)
(UNKNOWN ATOM TYPE: EP)
(UNKNOWN ATOM TYPE: EP)
(UNKNOWN ATOM TYPE: EP)
(UNKNOWN ATOM TYPE: EP)
(UNKNOWN ATOM TYPE: EP)
(UNKNOWN ATOM TYPE: EP)
(UNKNOWN ATOM TYPE: EP)
(UNKNOWN ATOM TYPE: EP)
(UNKNOWN ATOM TYPE: EP)
(UNKNOWN ATOM TYPE: EP)
(UNKNOWN ATOM TYPE: EP)
(UNKNOWN ATOM TYPE: EP)
(UNKNOWN ATOM TYPE: EP)
(UNKNOWN ATOM TYPE: EP)
(UNKNOWN ATOM TYPE: EP)
(UNKNOWN ATOM TYPE: EP)
(UNKNOWN ATOM TYPE: EP)
(UNKNOWN ATOM TYPE: EP)
(UNKNOWN ATOM TYPE: EP)
(UNKNOWN ATOM TYPE: EP)
(UNKNOWN ATOM TYPE: EP)
(UNKNOWN ATOM TYPE: EP)
(UNKNOWN ATOM TYPE: EP)
(UNKNOWN ATOM TYPE: EP)
(UNKNOWN ATOM TYPE: EP)
(UNKNOWN ATOM TYPE: EP)
(UNKNOWN ATOM TYPE: EP)
(UNKNOWN ATOM TYPE: EP)
(UNKNOWN ATOM TYPE: EP)
(UNKNOWN ATOM TYPE: EP)
(UNKNOWN ATOM TYPE: EP)
(UNKNOWN ATOM TYPE: EP)
(UNKNOWN ATOM TYPE: EP)
(UNKNOWN ATOM TYPE: EP)
(UNKNOWN ATOM TYPE: EP)
(UNKNOWN ATOM TYPE: EP)
(UNKNOWN ATOM TYPE: EP)
(UNKNOWN ATOM TYPE: EP)
(UNKNOWN ATOM TYPE: EP)
(UNKNOWN ATOM TYPE: EP)
(UNKNOWN ATOM TYPE: EP)
(UNKNOWN ATOM TYPE: EP)
(UNKNOWN ATOM TYPE: EP)
(UNKNOWN ATOM TYPE: EP)
(UNKNOWN ATOM TYPE: EP)
(UNKNOWN ATOM TYPE: EP)
(UNKNOWN ATOM TYPE: EP)
(UNKNOWN ATOM TYPE: EP)
(UNKNOWN ATOM TYPE: EP)
(UNKNOWN ATOM TYPE: EP)
(UNKNOWN ATOM TYPE: EP)
(UNKNOWN ATOM TYPE: EP)
(UNKNOWN ATOM TYPE: EP)
(UNKNOWN ATOM TYPE: EP)
(UNKNOWN ATOM TYPE: EP)
(UNKNOWN ATOM TYPE: EP)
(UNKNOWN ATOM TYPE: EP)
(UNKNOWN ATOM TYPE: EP)
(UNKNOWN ATOM TYPE: EP)
(UNKNOWN ATOM TYPE: EP)
(UNKNOWN ATOM TYPE: EP)
(UNKNOWN ATOM TYPE: EP)
(UNKNOWN ATOM TYPE: EP)
(UNKNOWN ATOM TYPE: EP)
(UNKNOWN ATOM TYPE: EP)
(UNKNOWN ATOM TYPE: EP)
(UNKNOWN ATOM TYPE: EP)
(UNKNOWN ATOM TYPE: EP)
(UNKNOWN ATOM TYPE: EP)
(UNKNOWN ATOM TYPE: EP)
(UNKNOWN ATOM TYPE: EP)
(UNKNOWN ATOM TYPE: EP)
(UNKNOWN ATOM TYPE: EP)
(UNKNOWN ATOM TYPE: EP)
(UNKNOWN ATOM TYPE: EP)
(UNKNOWN ATOM TYPE: EP)
(UNKNOWN ATOM TYPE: EP)
(UNKNOWN ATOM TYPE: EP)
(UNKNOWN ATOM TYPE: EP)
(UNKNOWN ATOM TYPE: EP)
(UNKNOWN ATOM TYPE: EP)
(UNKNOWN ATOM TYPE: EP)
(UNKNOWN ATOM TYPE: EP)
(UNKNOWN ATOM TYPE: EP)
(UNKNOWN ATOM TYPE: EP)
(UNKNOWN ATOM TYPE: EP)
(UNKNOWN ATOM TYPE: EP)
(UNKNOWN ATOM TYPE: EP)
(UNKNOWN ATOM TYPE: EP)
(UNKNOWN ATOM TYPE: EP)
(UNKNOWN ATOM TYPE: EP)
(UNKNOWN ATOM TYPE: EP)
(UNKNOWN ATOM TYPE: EP)
(UNKNOWN ATOM TYPE: EP)
(UNKNOWN ATOM TYPE: EP)
(UNKNOWN ATOM TYPE: EP)
(UNKNOWN ATOM TYPE: EP)
(UNKNOWN ATOM TYPE: EP)
(UNKNOWN ATOM TYPE: EP)
(UNKNOWN ATOM TYPE: EP)
(UNKNOWN ATOM TYPE: EP)
(UNKNOWN ATOM TYPE: EP)
(UNKNOWN ATOM TYPE: EP)
(UNKNOWN ATOM TYPE: EP)
(UNKNOWN ATOM TYPE: EP)
(UNKNOWN ATOM TYPE: EP)
(UNKNOWN ATOM TYPE: EP)
(UNKNOWN ATOM TYPE: EP)
(UNKNOWN ATOM TYPE: EP)
(UNKNOWN ATOM TYPE: EP)
(UNKNOWN ATOM TYPE: EP)
(UNKNOWN ATOM TYPE: EP)
(UNKNOWN ATOM TYPE: EP)
(UNKNOWN ATOM TYPE: EP)
(UNKNOWN ATOM TYPE: EP)
(UNKNOWN ATOM TYPE: EP)
(UNKNOWN ATOM TYPE: EP)
(UNKNOWN ATOM TYPE: EP)
(UNKNOWN ATOM TYPE: EP)
(UNKNOWN ATOM TYPE: EP)
(UNKNOWN ATOM TYPE: EP)
(UNKNOWN ATOM TYPE: EP)
(UNKNOWN ATOM TYPE: EP)
(UNKNOWN ATOM TYPE: EP)
(UNKNOWN ATOM TYPE: EP)
(UNKNOWN ATOM TYPE: EP)
(UNKNOWN ATOM TYPE: EP)
(UNKNOWN ATOM TYPE: EP)
(UNKNOWN ATOM TYPE: EP)
(UNKNOWN ATOM TYPE: EP)
(UNKNOWN ATOM TYPE: EP)
(UNKNOWN ATOM TYPE: EP)
(UNKNOWN ATOM TYPE: EP)
(UNKNOWN ATOM TYPE: EP)
(UNKNOWN ATOM TYPE: EP)
(UNKNOWN ATOM TYPE: EP)
(UNKNOWN ATOM TYPE: EP)
(UNKNOWN ATOM TYPE: EP)
(UNKNOWN ATOM TYPE: EP)
(UNKNOWN ATOM TYPE: EP)
(UNKNOWN ATOM TYPE: EP)
(UNKNOWN ATOM TYPE: EP)
(UNKNOWN ATOM TYPE: EP)
(UNKNOWN ATOM TYPE: EP)
(UNKNOWN ATOM TYPE: EP)
(UNKNOWN ATOM TYPE: EP)
(UNKNOWN ATOM TYPE: EP)
(UNKNOWN ATOM TYPE: EP)
(UNKNOWN ATOM TYPE: EP)
(UNKNOWN ATOM TYPE: EP)
(UNKNOWN ATOM TYPE: EP)
(UNKNOWN ATOM TYPE: EP)
(UNKNOWN ATOM TYPE: EP)
(UNKNOWN ATOM TYPE: EP)
(UNKNOWN ATOM TYPE: EP)
(UNKNOWN ATOM TYPE: EP)
(UNKNOWN ATOM TYPE: EP)
(UNKNOWN ATOM TYPE: EP)
(UNKNOWN ATOM TYPE: EP)
(UNKNOWN ATOM TYPE: EP)
(UNKNOWN ATOM TYPE: EP)
(UNKNOWN ATOM TYPE: EP)
(UNKNOWN ATOM TYPE: EP)
(UNKNOWN ATOM TYPE: EP)
(UNKNOWN ATOM TYPE: EP)
(UNKNOWN ATOM TYPE: EP)
(UNKNOWN ATOM TYPE: EP)
(UNKNOWN ATOM TYPE: EP)
(UNKNOWN ATOM TYPE: EP)
(UNKNOWN ATOM TYPE: EP)
(UNKNOWN ATOM TYPE: EP)
(UNKNOWN ATOM TYPE: EP)
(UNKNOWN ATOM TYPE: EP)
(UNKNOWN ATOM TYPE: EP)
(UNKNOWN ATOM TYPE: EP)
(UNKNOWN ATOM TYPE: EP)
(UNKNOWN ATOM TYPE: EP)
(UNKNOWN ATOM TYPE: EP)
(UNKNOWN ATOM TYPE: EP)
(UNKNOWN ATOM TYPE: EP)
(UNKNOWN ATOM TYPE: EP)
(UNKNOWN ATOM TYPE: EP)
(UNKNOWN ATOM TYPE: EP)
(UNKNOWN ATOM TYPE: EP)
(UNKNOWN ATOM TYPE: EP)
(UNKNOWN ATOM TYPE: EP)
(UNKNOWN ATOM TYPE: EP)
(UNKNOWN ATOM TYPE: EP)
(UNKNOWN ATOM TYPE: EP)
(UNKNOWN ATOM TYPE: EP)
(UNKNOWN ATOM TYPE: EP)
(UNKNOWN ATOM TYPE: EP)
(UNKNOWN ATOM TYPE: EP)
(UNKNOWN ATOM TYPE: EP)
(UNKNOWN ATOM TYPE: EP)
(UNKNOWN ATOM TYPE: EP)
(UNKNOWN ATOM TYPE: EP)
(UNKNOWN ATOM TYPE: EP)
(UNKNOWN ATOM TYPE: EP)
(UNKNOWN ATOM TYPE: EP)
(UNKNOWN ATOM TYPE: EP)
(UNKNOWN ATOM TYPE: EP)
(UNKNOWN ATOM TYPE: EP)
(UNKNOWN ATOM TYPE: EP)
(UNKNOWN ATOM TYPE: EP)
(UNKNOWN ATOM TYPE: EP)
(UNKNOWN ATOM TYPE: EP)
(UNKNOWN ATOM TYPE: EP)
(UNKNOWN ATOM TYPE: EP)
(UNKNOWN ATOM TYPE: EP)
(UNKNOWN ATOM TYPE: EP)
(UNKNOWN ATOM TYPE: EP)
(UNKNOWN ATOM TYPE: EP)
(UNKNOWN ATOM TYPE: EP)
(UNKNOWN ATOM TYPE: EP)
(UNKNOWN ATOM TYPE: EP)
(UNKNOWN ATOM TYPE: EP)
(UNKNOWN ATOM TYPE: EP)
(UNKNOWN ATOM TYPE: EP)
(UNKNOWN ATOM TYPE: EP)
(UNKNOWN ATOM TYPE: EP)
(UNKNOWN ATOM TYPE: EP)
(UNKNOWN ATOM TYPE: EP)
(UNKNOWN ATOM TYPE: EP)
(UNKNOWN ATOM TYPE: EP)
(UNKNOWN ATOM TYPE: EP)
(UNKNOWN ATOM TYPE: EP)
(UNKNOWN ATOM TYPE: EP)
(UNKNOWN ATOM TYPE: EP)
(UNKNOWN ATOM TYPE: EP)
(UNKNOWN ATOM TYPE: EP)
(UNKNOWN ATOM TYPE: EP)
(UNKNOWN ATOM TYPE: EP)
(UNKNOWN ATOM TYPE: EP)
(UNKNOWN ATOM TYPE: EP)
(UNKNOWN ATOM TYPE: EP)
(UNKNOWN ATOM TYPE: EP)
(UNKNOWN ATOM TYPE: EP)
(UNKNOWN ATOM TYPE: EP)
(UNKNOWN ATOM TYPE: EP)
(UNKNOWN ATOM TYPE: EP)
(UNKNOWN ATOM TYPE: EP)
(UNKNOWN ATOM TYPE: EP)
(UNKNOWN ATOM TYPE: EP)
(UNKNOWN ATOM TYPE: EP)
(UNKNOWN ATOM TYPE: EP)
(UNKNOWN ATOM TYPE: EP)
(UNKNOWN ATOM TYPE: EP)
(UNKNOWN ATOM TYPE: EP)
(UNKNOWN ATOM TYPE: EP)
(UNKNOWN ATOM TYPE: EP)
(UNKNOWN ATOM TYPE: EP)
(UNKNOWN ATOM TYPE: EP)
(UNKNOWN ATOM TYPE: EP)
(UNKNOWN ATOM TYPE: EP)
(UNKNOWN ATOM TYPE: EP)
(UNKNOWN ATOM TYPE: EP)
(UNKNOWN ATOM TYPE: EP)
(UNKNOWN ATOM TYPE: EP)
(UNKNOWN ATOM TYPE: EP)
(UNKNOWN ATOM TYPE: EP)
(UNKNOWN ATOM TYPE: EP)
(UNKNOWN ATOM TYPE: EP)
(UNKNOWN ATOM TYPE: EP)
(UNKNOWN ATOM TYPE: EP)
(UNKNOWN ATOM TYPE: EP)
(UNKNOWN ATOM TYPE: EP)
(UNKNOWN ATOM TYPE: EP)
(UNKNOWN ATOM TYPE: EP)
(UNKNOWN ATOM TYPE: EP)
(UNKNOWN ATOM TYPE: EP)
(UNKNOWN ATOM TYPE: EP)
(UNKNOWN ATOM TYPE: EP)
(UNKNOWN ATOM TYPE: EP)
(UNKNOWN ATOM TYPE: EP)
(UNKNOWN ATOM TYPE: EP)
(UNKNOWN ATOM TYPE: EP)
(UNKNOWN ATOM TYPE: EP)
(UNKNOWN ATOM TYPE: EP)
(UNKNOWN ATOM TYPE: EP)
(UNKNOWN ATOM TYPE: EP)
(UNKNOWN ATOM TYPE: EP)
(UNKNOWN ATOM TYPE: EP)
(UNKNOWN ATOM TYPE: EP)
(UNKNOWN ATOM TYPE: EP)
(UNKNOWN ATOM TYPE: EP)
(UNKNOWN ATOM TYPE: EP)
(UNKNOWN ATOM TYPE: EP)
(UNKNOWN ATOM TYPE: EP)
(UNKNOWN ATOM TYPE: EP)
(UNKNOWN ATOM TYPE: EP)
(UNKNOWN ATOM TYPE: EP)
(UNKNOWN ATOM TYPE: EP)
(UNKNOWN ATOM TYPE: EP)
(UNKNOWN ATOM TYPE: EP)
(UNKNOWN ATOM TYPE: EP)
(UNKNOWN ATOM TYPE: EP)
(UNKNOWN ATOM TYPE: EP)
(UNKNOWN ATOM TYPE: EP)
(UNKNOWN ATOM TYPE: EP)
(UNKNOWN ATOM TYPE: EP)
(UNKNOWN ATOM TYPE: EP)
(UNKNOWN ATOM TYPE: EP)
(UNKNOWN ATOM TYPE: EP)
(UNKNOWN ATOM TYPE: EP)
(UNKNOWN ATOM TYPE: EP)
(UNKNOWN ATOM TYPE: EP)
(UNKNOWN ATOM TYPE: EP)
(UNKNOWN ATOM TYPE: EP)
(UNKNOWN ATOM TYPE: EP)
(UNKNOWN ATOM TYPE: EP)
(UNKNOWN ATOM TYPE: EP)
(UNKNOWN ATOM TYPE: EP)
(UNKNOWN ATOM TYPE: EP)
(UNKNOWN ATOM TYPE: EP)
(UNKNOWN ATOM TYPE: EP)
(UNKNOWN ATOM TYPE: EP)
(UNKNOWN ATOM TYPE: EP)
(UNKNOWN ATOM TYPE: EP)
(UNKNOWN ATOM TYPE: EP)
(UNKNOWN ATOM TYPE: EP)
(UNKNOWN ATOM TYPE: EP)
(UNKNOWN ATOM TYPE: EP)
(UNKNOWN ATOM TYPE: EP)
(UNKNOWN ATOM TYPE: EP)
(UNKNOWN ATOM TYPE: EP)
(UNKNOWN ATOM TYPE: EP)
(UNKNOWN ATOM TYPE: EP)
(UNKNOWN ATOM TYPE: EP)
(UNKNOWN ATOM TYPE: EP)
(UNKNOWN ATOM TYPE: EP)
(UNKNOWN ATOM TYPE: EP)
(UNKNOWN ATOM TYPE: EP)
(UNKNOWN ATOM TYPE: EP)
(UNKNOWN ATOM TYPE: EP)
(UNKNOWN ATOM TYPE: EP)
(UNKNOWN ATOM TYPE: EP)
(UNKNOWN ATOM TYPE: EP)
(UNKNOWN ATOM TYPE: EP)
(UNKNOWN ATOM TYPE: EP)
(UNKNOWN ATOM TYPE: EP)
(UNKNOWN ATOM TYPE: EP)
(UNKNOWN ATOM TYPE: EP)
(UNKNOWN ATOM TYPE: EP)
(UNKNOWN ATOM TYPE: EP)
(UNKNOWN ATOM TYPE: EP)
(UNKNOWN ATOM TYPE: EP)
(UNKNOWN ATOM TYPE: EP)
(UNKNOWN ATOM TYPE: EP)
(UNKNOWN ATOM TYPE: EP)
(UNKNOWN ATOM TYPE: EP)
(UNKNOWN ATOM TYPE: EP)
(UNKNOWN ATOM TYPE: EP)
(UNKNOWN ATOM TYPE: EP)
(UNKNOWN ATOM TYPE: EP)
(UNKNOWN ATOM TYPE: EP)
(UNKNOWN ATOM TYPE: EP)
(UNKNOWN ATOM TYPE: EP)
(UNKNOWN ATOM TYPE: EP)
(UNKNOWN ATOM TYPE: EP)
(UNKNOWN ATOM TYPE: EP)
(UNKNOWN ATOM TYPE: EP)
(UNKNOWN ATOM TYPE: EP)
(UNKNOWN ATOM TYPE: EP)
(UNKNOWN ATOM TYPE: EP)
(UNKNOWN ATOM TYPE: EP)
(UNKNOWN ATOM TYPE: EP)
(UNKNOWN ATOM TYPE: EP)
(UNKNOWN ATOM TYPE: EP)
(UNKNOWN ATOM TYPE: EP)
(UNKNOWN ATOM TYPE: EP)
(UNKNOWN ATOM TYPE: EP)
(UNKNOWN ATOM TYPE: EP)
(UNKNOWN ATOM TYPE: EP)
(UNKNOWN ATOM TYPE: EP)
(UNKNOWN ATOM TYPE: EP)
(UNKNOWN ATOM TYPE: EP)
(UNKNOWN ATOM TYPE: EP)
(UNKNOWN ATOM TYPE: EP)
(UNKNOWN ATOM TYPE: EP)
(UNKNOWN ATOM TYPE: EP)
(UNKNOWN ATOM TYPE: EP)
(UNKNOWN ATOM TYPE: EP)
(UNKNOWN ATOM TYPE: EP)
(UNKNOWN ATOM TYPE: EP)
(UNKNOWN ATOM TYPE: EP)
(UNKNOWN ATOM TYPE: EP)
(UNKNOWN ATOM TYPE: EP)
(UNKNOWN ATOM TYPE: EP)
(UNKNOWN ATOM TYPE: EP)
(UNKNOWN ATOM TYPE: EP)
(UNKNOWN ATOM TYPE: EP)
(UNKNOWN ATOM TYPE: EP)
(UNKNOWN ATOM TYPE: EP)
(UNKNOWN ATOM TYPE: EP)
(UNKNOWN ATOM TYPE: EP)
(UNKNOWN ATOM TYPE: EP)
(UNKNOWN ATOM TYPE: EP)
(UNKNOWN ATOM TYPE: EP)
(UNKNOWN ATOM TYPE: EP)
(UNKNOWN ATOM TYPE: EP)
(UNKNOWN ATOM TYPE: EP)
(UNKNOWN ATOM TYPE: EP)
(UNKNOWN ATOM TYPE: EP)
(UNKNOWN ATOM TYPE: EP)
(UNKNOWN ATOM TYPE: EP)
(UNKNOWN ATOM TYPE: EP)
(UNKNOWN ATOM TYPE: EP)
(UNKNOWN ATOM TYPE: EP)
(UNKNOWN ATOM TYPE: EP)
(UNKNOWN ATOM TYPE: EP)
(UNKNOWN ATOM TYPE: EP)
(UNKNOWN ATOM TYPE: EP)
(UNKNOWN ATOM TYPE: EP)
(UNKNOWN ATOM TYPE: EP)
(UNKNOWN ATOM TYPE: EP)
(UNKNOWN ATOM TYPE: EP)
(UNKNOWN ATOM TYPE: EP)
(UNKNOWN ATOM TYPE: EP)
(UNKNOWN ATOM TYPE: EP)
(UNKNOWN ATOM TYPE: EP)
(UNKNOWN ATOM TYPE: EP)
(UNKNOWN ATOM TYPE: EP)
(UNKNOWN ATOM TYPE: EP)
(UNKNOWN ATOM TYPE: EP)
(UNKNOWN ATOM TYPE: EP)
(UNKNOWN ATOM TYPE: EP)
(UNKNOWN ATOM TYPE: EP)
(UNKNOWN ATOM TYPE: EP)
(UNKNOWN ATOM TYPE: EP)
(UNKNOWN ATOM TYPE: EP)
(UNKNOWN ATOM TYPE: EP)
(UNKNOWN ATOM TYPE: EP)
(UNKNOWN ATOM TYPE: EP)
(UNKNOWN ATOM TYPE: EP)
(UNKNOWN ATOM TYPE: EP)
(UNKNOWN ATOM TYPE: EP)
(UNKNOWN ATOM TYPE: EP)
(UNKNOWN ATOM TYPE: EP)
(UNKNOWN ATOM TYPE: EP)
(UNKNOWN ATOM TYPE: EP)
(UNKNOWN ATOM TYPE: EP)
(UNKNOWN ATOM TYPE: EP)
(UNKNOWN ATOM TYPE: EP)
(UNKNOWN ATOM TYPE: EP)
(UNKNOWN ATOM TYPE: EP)
(UNKNOWN ATOM TYPE: EP)
(UNKNOWN ATOM TYPE: EP)
(UNKNOWN ATOM TYPE: EP)
(UNKNOWN ATOM TYPE: EP)
(UNKNOWN ATOM TYPE: EP)
(UNKNOWN ATOM TYPE: EP)
(UNKNOWN ATOM TYPE: EP)
(UNKNOWN ATOM TYPE: EP)
(UNKNOWN ATOM TYPE: EP)
(UNKNOWN ATOM TYPE: EP)
(UNKNOWN ATOM TYPE: EP)
(UNKNOWN ATOM TYPE: EP)
(UNKNOWN ATOM TYPE: EP)
(UNKNOWN ATOM TYPE: EP)
(UNKNOWN ATOM TYPE: EP)
(UNKNOWN ATOM TYPE: EP)
(UNKNOWN ATOM TYPE: EP)
(UNKNOWN ATOM TYPE: EP)
(UNKNOWN ATOM TYPE: EP)
(UNKNOWN ATOM TYPE: EP)
(UNKNOWN ATOM TYPE: EP)
(UNKNOWN ATOM TYPE: EP)
(UNKNOWN ATOM TYPE: EP)
(UNKNOWN ATOM TYPE: EP)
(UNKNOWN ATOM TYPE: EP)
(UNKNOWN ATOM TYPE: EP)
(UNKNOWN ATOM TYPE: EP)
(UNKNOWN ATOM TYPE: EP)
(UNKNOWN ATOM TYPE: EP)
(UNKNOWN ATOM TYPE: EP)
(UNKNOWN ATOM TYPE: EP)
(UNKNOWN ATOM TYPE: EP)
(UNKNOWN ATOM TYPE: EP)
(UNKNOWN ATOM TYPE: EP)
(UNKNOWN ATOM TYPE: EP)
(UNKNOWN ATOM TYPE: EP)
(UNKNOWN ATOM TYPE: EP)
(UNKNOWN ATOM TYPE: EP)
(UNKNOWN ATOM TYPE: EP)
(UNKNOWN ATOM TYPE: EP)
(UNKNOWN ATOM TYPE: EP)
(UNKNOWN ATOM TYPE: EP)
(UNKNOWN ATOM TYPE: EP)
(UNKNOWN ATOM TYPE: EP)
(UNKNOWN ATOM TYPE: EP)
(UNKNOWN ATOM TYPE: EP)
(UNKNOWN ATOM TYPE: EP)
(UNKNOWN ATOM TYPE: EP)
(UNKNOWN ATOM TYPE: EP)
(UNKNOWN ATOM TYPE: EP)
(UNKNOWN ATOM TYPE: EP)
(UNKNOWN ATOM TYPE: EP)
(UNKNOWN ATOM TYPE: EP)
(UNKNOWN ATOM TYPE: EP)
(UNKNOWN ATOM TYPE: EP)
(UNKNOWN ATOM TYPE: EP)
(UNKNOWN ATOM TYPE: EP)
(UNKNOWN ATOM TYPE: EP)
(UNKNOWN ATOM TYPE: EP)
(UNKNOWN ATOM TYPE: EP)
(UNKNOWN ATOM TYPE: EP)
(UNKNOWN ATOM TYPE: EP)
(UNKNOWN ATOM TYPE: EP)
(UNKNOWN ATOM TYPE: EP)
(UNKNOWN ATOM TYPE: EP)
(UNKNOWN ATOM TYPE: EP)
(UNKNOWN ATOM TYPE: EP)
(UNKNOWN ATOM TYPE: EP)
(UNKNOWN ATOM TYPE: EP)
(UNKNOWN ATOM TYPE: EP)
(UNKNOWN ATOM TYPE: EP)
(UNKNOWN ATOM TYPE: EP)
(UNKNOWN ATOM TYPE: EP)
(UNKNOWN ATOM TYPE: EP)
(UNKNOWN ATOM TYPE: EP)
(UNKNOWN ATOM TYPE: EP)
(UNKNOWN ATOM TYPE: EP)
(UNKNOWN ATOM TYPE: EP)
(UNKNOWN ATOM TYPE: EP)
(UNKNOWN ATOM TYPE: EP)
(UNKNOWN ATOM TYPE: EP)
(UNKNOWN ATOM TYPE: EP)
(UNKNOWN ATOM TYPE: EP)
(UNKNOWN ATOM TYPE: EP)
(UNKNOWN ATOM TYPE: EP)
(UNKNOWN ATOM TYPE: EP)
(UNKNOWN ATOM TYPE: EP)
(UNKNOWN ATOM TYPE: EP)
(UNKNOWN ATOM TYPE: EP)
(UNKNOWN ATOM TYPE: EP)
(UNKNOWN ATOM TYPE: EP)
(UNKNOWN ATOM TYPE: EP)
(UNKNOWN ATOM TYPE: EP)
(UNKNOWN ATOM TYPE: EP)
(UNKNOWN ATOM TYPE: EP)
(UNKNOWN ATOM TYPE: EP)
(UNKNOWN ATOM TYPE: EP)
(UNKNOWN ATOM TYPE: EP)
(UNKNOWN ATOM TYPE: EP)
(UNKNOWN ATOM TYPE: EP)
(UNKNOWN ATOM TYPE: EP)
(UNKNOWN ATOM TYPE: EP)
(UNKNOWN ATOM TYPE: EP)
(UNKNOWN ATOM TYPE: EP)
(UNKNOWN ATOM TYPE: EP)
(UNKNOWN ATOM TYPE: EP)
(UNKNOWN ATOM TYPE: EP)
(UNKNOWN ATOM TYPE: EP)
(UNKNOWN ATOM TYPE: EP)
(UNKNOWN ATOM TYPE: EP)
(UNKNOWN ATOM TYPE: EP)
(UNKNOWN ATOM TYPE: EP)
(UNKNOWN ATOM TYPE: EP)
(UNKNOWN ATOM TYPE: EP)
(UNKNOWN ATOM TYPE: EP)
(UNKNOWN ATOM TYPE: EP)
(UNKNOWN ATOM TYPE: EP)
Loaded UNIT: 1GA
Loaded UNIT: 1GB
Loaded UNIT: 1LA
Loaded UNIT: 1LB
Loaded UNIT: 1MA
Loaded UNIT: 1MB
Loaded UNIT: 2GA
Loaded UNIT: 2GB
Loaded UNIT: 2LA
Loaded UNIT: 2LB
Loaded UNIT: 2MA
Loaded UNIT: 2MB
Loaded UNIT: 3GA
Loaded UNIT: 3GB
Loaded UNIT: 3LA
Loaded UNIT: 3LB
Loaded UNIT: 3MA
Loaded UNIT: 3MB
Loaded UNIT: 4GA
Loaded UNIT: 4GB
Loaded UNIT: 4LA
Loaded UNIT: 4LB
Loaded UNIT: 4MA
Loaded UNIT: 4MB
Loaded UNIT: 6GA
Loaded UNIT: 6GB
Loaded UNIT: 6LA
Loaded UNIT: 6LB
Loaded UNIT: 6MA
Loaded UNIT: 6MB
Loaded UNIT: OME
Loaded UNIT: PGA
Loaded UNIT: PGB
Loaded UNIT: PLA
Loaded UNIT: PLB
Loaded UNIT: PMA
Loaded UNIT: PMB
Loaded UNIT: QGA
Loaded UNIT: QGB
Loaded UNIT: QLA
Loaded UNIT: QLB
Loaded UNIT: QMA
Loaded UNIT: QMB
Loaded UNIT: RGA
Loaded UNIT: RGB
Loaded UNIT: RLA
Loaded UNIT: RLB
Loaded UNIT: RMA
Loaded UNIT: RMB
Loaded UNIT: SGA
Loaded UNIT: SGB
Loaded UNIT: SLA
Loaded UNIT: SLB
Loaded UNIT: SMA
Loaded UNIT: SMB
Loaded UNIT: TGA
Loaded UNIT: TGB
Loaded UNIT: TLA
Loaded UNIT: TLB
Loaded UNIT: TMA
Loaded UNIT: TMB
Loaded UNIT: UGA
Loaded UNIT: UGB
Loaded UNIT: ULA
Loaded UNIT: ULB
Loaded UNIT: UMA
Loaded UNIT: UMB
Loaded UNIT: VGA
Loaded UNIT: VGB
Loaded UNIT: VLA
Loaded UNIT: VLB
Loaded UNIT: VMA
Loaded UNIT: VMB
Loaded UNIT: WGA
Loaded UNIT: WGB
Loaded UNIT: WLA
Loaded UNIT: WLB
Loaded UNIT: WMA
Loaded UNIT: WMB
Loaded UNIT: XGA
Loaded UNIT: XGB
Loaded UNIT: XLA
Loaded UNIT: XLB
Loaded UNIT: XMA
Loaded UNIT: XMB
Loaded UNIT: YGA
Loaded UNIT: YGB
Loaded UNIT: YLA
Loaded UNIT: YLB
Loaded UNIT: YMA
Loaded UNIT: YMB
Loaded UNIT: ZGA
Loaded UNIT: ZGB
Loaded UNIT: ZLA
Loaded UNIT: ZLB
Loaded UNIT: ZMA
Loaded UNIT: ZMB
>> #
>> #
>> #       assumes most users want to use tip3p as the explicit solvent model
>> #       but this can easily switched by the following commands in leap:
>> #       WAT = TP5
>> #       loadamberparams frcmod.tip5p
>> #
>> HOH = TP3
>> WAT = TP3
>> #
>> #
>> #     modify so pdbs saved with lonepairs can be read back in
>> #
>> #
>> addPdbAtomMap {
>>   { "1EP+" "EP+1" }
>>   { "2EP+" "EP+2" }
>>   { "3EP+" "EP+3" }
>>   { "4EP+" "EP+4" }
>>   { "5EP+" "EP+5" }
>>   { "6EP+" "EP+6" }
>>   { "1EP-" "EP-1" }
>>   { "2EP-" "EP-2" }
>>   { "3EP-" "EP-3" }
>>   { "4EP-" "EP-4" }
>>   { "5EP-" "EP-5" }
>>   { "6EP-" "EP-6" }
>> }
> 
> quit
	Quit
log started: Wed Jun 30 07:57:18 2004

Log file: ./leap.log
>> #
>> # ----- leaprc for loading the glycam04EP force field, with lone pairs
>> #       with sp2 lone pairs of 0.45A and sp3 lone pairs 0.70A
>> #       no lone pairs on carboxyalte groups
>> #
>> #       load atom type hybridizations
>> #
>> addAtomTypes {
>>         { "H"   "H" "sp3" }
>>         { "HO"  "H" "sp3" }
>>         { "H1"  "H" "sp3" }
>>         { "H2"  "H" "sp3" }
>>         { "HW"  "H" "sp3" }
>>         { "HC"  "H" "sp3" }
>>         { "OH"  "O" "sp3" }
>>         { "OS"  "O" "sp3" }
>>         { "O"   "O" "sp2" }
>>         { "O2"  "O" "sp2" }
>>         { "OW"  "O" "sp3" }
>>         { "C"   "C" "sp2" }
>>         { "CG"  "C" "sp3" }
>>         { "EP"  ""  "sp3" }
>> }
>> #
>> #       load the main paramter set
>> #
>> glycam04EP = loadamberparams glycam04EP.dat
Loading parameters: ./glycam04EP.dat
Title:
GLYCAM PARAMETERS (FOR AMBER 8.0), COPYRIGHT R.J.WOODS, CCRC 2003
No mass was defined for non-bond atom type: H3 - ignoring
(UNKNOWN ATOM TYPE: N)
(UNKNOWN ATOM TYPE: N)
(UNKNOWN ATOM TYPE: N)
(UNKNOWN ATOM TYPE: N)
(UNKNOWN ATOM TYPE: N)
(UNKNOWN ATOM TYPE: N)
(UNKNOWN ATOM TYPE: N)
(UNKNOWN ATOM TYPE: N)
(UNKNOWN ATOM TYPE: N)
(UNKNOWN ATOM TYPE: EP)
>> #
>> #       load all prep files for polysaccharides including lone pairs
>> #
>> loadamberprep glycam04EP.in
Loading Prep file: /home/case/amber9/dat/leap/prep/glycam04EP.in
(UNKNOWN ATOM TYPE: EP)
(UNKNOWN ATOM TYPE: EP)
(UNKNOWN ATOM TYPE: EP)
(UNKNOWN ATOM TYPE: EP)
(UNKNOWN ATOM TYPE: EP)
(UNKNOWN ATOM TYPE: EP)
(UNKNOWN ATOM TYPE: EP)
(UNKNOWN ATOM TYPE: EP)
(UNKNOWN ATOM TYPE: EP)
(UNKNOWN ATOM TYPE: EP)
(UNKNOWN ATOM TYPE: EP)
(UNKNOWN ATOM TYPE: EP)
(UNKNOWN ATOM TYPE: EP)
(UNKNOWN ATOM TYPE: EP)
(UNKNOWN ATOM TYPE: EP)
(UNKNOWN ATOM TYPE: EP)
(UNKNOWN ATOM TYPE: EP)
(UNKNOWN ATOM TYPE: EP)
(UNKNOWN ATOM TYPE: EP)
(UNKNOWN ATOM TYPE: EP)
(UNKNOWN ATOM TYPE: EP)
(UNKNOWN ATOM TYPE: EP)
(UNKNOWN ATOM TYPE: EP)
(UNKNOWN ATOM TYPE: EP)
(UNKNOWN ATOM TYPE: EP)
(UNKNOWN ATOM TYPE: EP)
(UNKNOWN ATOM TYPE: EP)
(UNKNOWN ATOM TYPE: EP)
(UNKNOWN ATOM TYPE: EP)
(UNKNOWN ATOM TYPE: EP)
(UNKNOWN ATOM TYPE: EP)
(UNKNOWN ATOM TYPE: EP)
(UNKNOWN ATOM TYPE: EP)
(UNKNOWN ATOM TYPE: EP)
(UNKNOWN ATOM TYPE: EP)
(UNKNOWN ATOM TYPE: EP)
(UNKNOWN ATOM TYPE: EP)
(UNKNOWN ATOM TYPE: EP)
(UNKNOWN ATOM TYPE: EP)
(UNKNOWN ATOM TYPE: EP)
(UNKNOWN ATOM TYPE: EP)
(UNKNOWN ATOM TYPE: EP)
(UNKNOWN ATOM TYPE: EP)
(UNKNOWN ATOM TYPE: EP)
(UNKNOWN ATOM TYPE: EP)
(UNKNOWN ATOM TYPE: EP)
(UNKNOWN ATOM TYPE: EP)
(UNKNOWN ATOM TYPE: EP)
(UNKNOWN ATOM TYPE: EP)
(UNKNOWN ATOM TYPE: EP)
(UNKNOWN ATOM TYPE: EP)
(UNKNOWN ATOM TYPE: EP)
(UNKNOWN ATOM TYPE: EP)
(UNKNOWN ATOM TYPE: EP)
(UNKNOWN ATOM TYPE: EP)
(UNKNOWN ATOM TYPE: EP)
(UNKNOWN ATOM TYPE: EP)
(UNKNOWN ATOM TYPE: EP)
(UNKNOWN ATOM TYPE: EP)
(UNKNOWN ATOM TYPE: EP)
(UNKNOWN ATOM TYPE: EP)
(UNKNOWN ATOM TYPE: EP)
(UNKNOWN ATOM TYPE: EP)
(UNKNOWN ATOM TYPE: EP)
(UNKNOWN ATOM TYPE: EP)
(UNKNOWN ATOM TYPE: EP)
(UNKNOWN ATOM TYPE: EP)
(UNKNOWN ATOM TYPE: EP)
(UNKNOWN ATOM TYPE: EP)
(UNKNOWN ATOM TYPE: EP)
(UNKNOWN ATOM TYPE: EP)
(UNKNOWN ATOM TYPE: EP)
(UNKNOWN ATOM TYPE: EP)
(UNKNOWN ATOM TYPE: EP)
(UNKNOWN ATOM TYPE: EP)
(UNKNOWN ATOM TYPE: EP)
(UNKNOWN ATOM TYPE: EP)
(UNKNOWN ATOM TYPE: EP)
(UNKNOWN ATOM TYPE: EP)
(UNKNOWN ATOM TYPE: EP)
(UNKNOWN ATOM TYPE: EP)
(UNKNOWN ATOM TYPE: EP)
(UNKNOWN ATOM TYPE: EP)
(UNKNOWN ATOM TYPE: EP)
(UNKNOWN ATOM TYPE: EP)
(UNKNOWN ATOM TYPE: EP)
(UNKNOWN ATOM TYPE: EP)
(UNKNOWN ATOM TYPE: EP)
(UNKNOWN ATOM TYPE: EP)
(UNKNOWN ATOM TYPE: EP)
(UNKNOWN ATOM TYPE: EP)
(UNKNOWN ATOM TYPE: EP)
(UNKNOWN ATOM TYPE: EP)
(UNKNOWN ATOM TYPE: EP)
(UNKNOWN ATOM TYPE: EP)
(UNKNOWN ATOM TYPE: EP)
(UNKNOWN ATOM TYPE: EP)
(UNKNOWN ATOM TYPE: EP)
(UNKNOWN ATOM TYPE: EP)
(UNKNOWN ATOM TYPE: EP)
(UNKNOWN ATOM TYPE: EP)
(UNKNOWN ATOM TYPE: EP)
(UNKNOWN ATOM TYPE: EP)
(UNKNOWN ATOM TYPE: EP)
(UNKNOWN ATOM TYPE: EP)
(UNKNOWN ATOM TYPE: EP)
(UNKNOWN ATOM TYPE: EP)
(UNKNOWN ATOM TYPE: EP)
(UNKNOWN ATOM TYPE: EP)
(UNKNOWN ATOM TYPE: EP)
(UNKNOWN ATOM TYPE: EP)
(UNKNOWN ATOM TYPE: EP)
(UNKNOWN ATOM TYPE: EP)
(UNKNOWN ATOM TYPE: EP)
(UNKNOWN ATOM TYPE: EP)
(UNKNOWN ATOM TYPE: EP)
(UNKNOWN ATOM TYPE: EP)
(UNKNOWN ATOM TYPE: EP)
(UNKNOWN ATOM TYPE: EP)
(UNKNOWN ATOM TYPE: EP)
(UNKNOWN ATOM TYPE: EP)
(UNKNOWN ATOM TYPE: EP)
(UNKNOWN ATOM TYPE: EP)
(UNKNOWN ATOM TYPE: EP)
(UNKNOWN ATOM TYPE: EP)
(UNKNOWN ATOM TYPE: EP)
(UNKNOWN ATOM TYPE: EP)
(UNKNOWN ATOM TYPE: EP)
(UNKNOWN ATOM TYPE: EP)
(UNKNOWN ATOM TYPE: EP)
(UNKNOWN ATOM TYPE: EP)
(UNKNOWN ATOM TYPE: EP)
(UNKNOWN ATOM TYPE: EP)
(UNKNOWN ATOM TYPE: EP)
(UNKNOWN ATOM TYPE: EP)
(UNKNOWN ATOM TYPE: EP)
(UNKNOWN ATOM TYPE: EP)
(UNKNOWN ATOM TYPE: EP)
(UNKNOWN ATOM TYPE: EP)
(UNKNOWN ATOM TYPE: EP)
(UNKNOWN ATOM TYPE: EP)
(UNKNOWN ATOM TYPE: EP)
(UNKNOWN ATOM TYPE: EP)
(UNKNOWN ATOM TYPE: EP)
(UNKNOWN ATOM TYPE: EP)
(UNKNOWN ATOM TYPE: EP)
(UNKNOWN ATOM TYPE: EP)
(UNKNOWN ATOM TYPE: EP)
(UNKNOWN ATOM TYPE: EP)
(UNKNOWN ATOM TYPE: EP)
(UNKNOWN ATOM TYPE: EP)
(UNKNOWN ATOM TYPE: EP)
(UNKNOWN ATOM TYPE: EP)
(UNKNOWN ATOM TYPE: EP)
(UNKNOWN ATOM TYPE: EP)
(UNKNOWN ATOM TYPE: EP)
(UNKNOWN ATOM TYPE: EP)
(UNKNOWN ATOM TYPE: EP)
(UNKNOWN ATOM TYPE: EP)
(UNKNOWN ATOM TYPE: EP)
(UNKNOWN ATOM TYPE: EP)
(UNKNOWN ATOM TYPE: EP)
(UNKNOWN ATOM TYPE: EP)
(UNKNOWN ATOM TYPE: EP)
(UNKNOWN ATOM TYPE: EP)
(UNKNOWN ATOM TYPE: EP)
(UNKNOWN ATOM TYPE: EP)
(UNKNOWN ATOM TYPE: EP)
(UNKNOWN ATOM TYPE: EP)
(UNKNOWN ATOM TYPE: EP)
(UNKNOWN ATOM TYPE: EP)
(UNKNOWN ATOM TYPE: EP)
(UNKNOWN ATOM TYPE: EP)
(UNKNOWN ATOM TYPE: EP)
(UNKNOWN ATOM TYPE: EP)
(UNKNOWN ATOM TYPE: EP)
(UNKNOWN ATOM TYPE: EP)
(UNKNOWN ATOM TYPE: EP)
(UNKNOWN ATOM TYPE: EP)
(UNKNOWN ATOM TYPE: EP)
(UNKNOWN ATOM TYPE: EP)
(UNKNOWN ATOM TYPE: EP)
(UNKNOWN ATOM TYPE: EP)
(UNKNOWN ATOM TYPE: EP)
(UNKNOWN ATOM TYPE: EP)
(UNKNOWN ATOM TYPE: EP)
(UNKNOWN ATOM TYPE: EP)
(UNKNOWN ATOM TYPE: EP)
(UNKNOWN ATOM TYPE: EP)
(UNKNOWN ATOM TYPE: EP)
(UNKNOWN ATOM TYPE: EP)
(UNKNOWN ATOM TYPE: EP)
(UNKNOWN ATOM TYPE: EP)
(UNKNOWN ATOM TYPE: EP)
(UNKNOWN ATOM TYPE: EP)
(UNKNOWN ATOM TYPE: EP)
(UNKNOWN ATOM TYPE: EP)
(UNKNOWN ATOM TYPE: EP)
(UNKNOWN ATOM TYPE: EP)
(UNKNOWN ATOM TYPE: EP)
(UNKNOWN ATOM TYPE: EP)
(UNKNOWN ATOM TYPE: EP)
(UNKNOWN ATOM TYPE: EP)
(UNKNOWN ATOM TYPE: EP)
(UNKNOWN ATOM TYPE: EP)
(UNKNOWN ATOM TYPE: EP)
(UNKNOWN ATOM TYPE: EP)
(UNKNOWN ATOM TYPE: EP)
(UNKNOWN ATOM TYPE: EP)
(UNKNOWN ATOM TYPE: EP)
(UNKNOWN ATOM TYPE: EP)
(UNKNOWN ATOM TYPE: EP)
(UNKNOWN ATOM TYPE: EP)
(UNKNOWN ATOM TYPE: EP)
(UNKNOWN ATOM TYPE: EP)
(UNKNOWN ATOM TYPE: EP)
(UNKNOWN ATOM TYPE: EP)
(UNKNOWN ATOM TYPE: EP)
(UNKNOWN ATOM TYPE: EP)
(UNKNOWN ATOM TYPE: EP)
(UNKNOWN ATOM TYPE: EP)
(UNKNOWN ATOM TYPE: EP)
(UNKNOWN ATOM TYPE: EP)
(UNKNOWN ATOM TYPE: EP)
(UNKNOWN ATOM TYPE: EP)
(UNKNOWN ATOM TYPE: EP)
(UNKNOWN ATOM TYPE: EP)
(UNKNOWN ATOM TYPE: EP)
(UNKNOWN ATOM TYPE: EP)
(UNKNOWN ATOM TYPE: EP)
(UNKNOWN ATOM TYPE: EP)
(UNKNOWN ATOM TYPE: EP)
(UNKNOWN ATOM TYPE: EP)
(UNKNOWN ATOM TYPE: EP)
(UNKNOWN ATOM TYPE: EP)
(UNKNOWN ATOM TYPE: EP)
(UNKNOWN ATOM TYPE: EP)
(UNKNOWN ATOM TYPE: EP)
(UNKNOWN ATOM TYPE: EP)
(UNKNOWN ATOM TYPE: EP)
(UNKNOWN ATOM TYPE: EP)
(UNKNOWN ATOM TYPE: EP)
(UNKNOWN ATOM TYPE: EP)
(UNKNOWN ATOM TYPE: EP)
(UNKNOWN ATOM TYPE: EP)
(UNKNOWN ATOM TYPE: EP)
(UNKNOWN ATOM TYPE: EP)
(UNKNOWN ATOM TYPE: EP)
(UNKNOWN ATOM TYPE: EP)
(UNKNOWN ATOM TYPE: EP)
(UNKNOWN ATOM TYPE: EP)
(UNKNOWN ATOM TYPE: EP)
(UNKNOWN ATOM TYPE: EP)
(UNKNOWN ATOM TYPE: EP)
(UNKNOWN ATOM TYPE: EP)
(UNKNOWN ATOM TYPE: EP)
(UNKNOWN ATOM TYPE: EP)
(UNKNOWN ATOM TYPE: EP)
(UNKNOWN ATOM TYPE: EP)
(UNKNOWN ATOM TYPE: EP)
(UNKNOWN ATOM TYPE: EP)
(UNKNOWN ATOM TYPE: EP)
(UNKNOWN ATOM TYPE: EP)
(UNKNOWN ATOM TYPE: EP)
(UNKNOWN ATOM TYPE: EP)
(UNKNOWN ATOM TYPE: EP)
(UNKNOWN ATOM TYPE: EP)
(UNKNOWN ATOM TYPE: EP)
(UNKNOWN ATOM TYPE: EP)
(UNKNOWN ATOM TYPE: EP)
(UNKNOWN ATOM TYPE: EP)
(UNKNOWN ATOM TYPE: EP)
(UNKNOWN ATOM TYPE: EP)
(UNKNOWN ATOM TYPE: EP)
(UNKNOWN ATOM TYPE: EP)
(UNKNOWN ATOM TYPE: EP)
(UNKNOWN ATOM TYPE: EP)
(UNKNOWN ATOM TYPE: EP)
(UNKNOWN ATOM TYPE: EP)
(UNKNOWN ATOM TYPE: EP)
(UNKNOWN ATOM TYPE: EP)
(UNKNOWN ATOM TYPE: EP)
(UNKNOWN ATOM TYPE: EP)
(UNKNOWN ATOM TYPE: EP)
(UNKNOWN ATOM TYPE: EP)
(UNKNOWN ATOM TYPE: EP)
(UNKNOWN ATOM TYPE: EP)
(UNKNOWN ATOM TYPE: EP)
(UNKNOWN ATOM TYPE: EP)
(UNKNOWN ATOM TYPE: EP)
(UNKNOWN ATOM TYPE: EP)
(UNKNOWN ATOM TYPE: EP)
(UNKNOWN ATOM TYPE: EP)
(UNKNOWN ATOM TYPE: EP)
(UNKNOWN ATOM TYPE: EP)
(UNKNOWN ATOM TYPE: EP)
(UNKNOWN ATOM TYPE: EP)
(UNKNOWN ATOM TYPE: EP)
(UNKNOWN ATOM TYPE: EP)
(UNKNOWN ATOM TYPE: EP)
(UNKNOWN ATOM TYPE: EP)
(UNKNOWN ATOM TYPE: EP)
(UNKNOWN ATOM TYPE: EP)
(UNKNOWN ATOM TYPE: EP)
(UNKNOWN ATOM TYPE: EP)
(UNKNOWN ATOM TYPE: EP)
(UNKNOWN ATOM TYPE: EP)
(UNKNOWN ATOM TYPE: EP)
(UNKNOWN ATOM TYPE: EP)
(UNKNOWN ATOM TYPE: EP)
(UNKNOWN ATOM TYPE: EP)
(UNKNOWN ATOM TYPE: EP)
(UNKNOWN ATOM TYPE: EP)
(UNKNOWN ATOM TYPE: EP)
(UNKNOWN ATOM TYPE: EP)
(UNKNOWN ATOM TYPE: EP)
(UNKNOWN ATOM TYPE: EP)
(UNKNOWN ATOM TYPE: EP)
(UNKNOWN ATOM TYPE: EP)
(UNKNOWN ATOM TYPE: EP)
(UNKNOWN ATOM TYPE: EP)
(UNKNOWN ATOM TYPE: EP)
(UNKNOWN ATOM TYPE: EP)
(UNKNOWN ATOM TYPE: EP)
(UNKNOWN ATOM TYPE: EP)
(UNKNOWN ATOM TYPE: EP)
(UNKNOWN ATOM TYPE: EP)
(UNKNOWN ATOM TYPE: EP)
(UNKNOWN ATOM TYPE: EP)
(UNKNOWN ATOM TYPE: EP)
(UNKNOWN ATOM TYPE: EP)
(UNKNOWN ATOM TYPE: EP)
(UNKNOWN ATOM TYPE: EP)
(UNKNOWN ATOM TYPE: EP)
(UNKNOWN ATOM TYPE: EP)
(UNKNOWN ATOM TYPE: EP)
(UNKNOWN ATOM TYPE: EP)
(UNKNOWN ATOM TYPE: EP)
(UNKNOWN ATOM TYPE: EP)
(UNKNOWN ATOM TYPE: EP)
(UNKNOWN ATOM TYPE: EP)
(UNKNOWN ATOM TYPE: EP)
(UNKNOWN ATOM TYPE: EP)
(UNKNOWN ATOM TYPE: EP)
(UNKNOWN ATOM TYPE: EP)
(UNKNOWN ATOM TYPE: EP)
(UNKNOWN ATOM TYPE: EP)
(UNKNOWN ATOM TYPE: EP)
(UNKNOWN ATOM TYPE: EP)
(UNKNOWN ATOM TYPE: EP)
(UNKNOWN ATOM TYPE: EP)
(UNKNOWN ATOM TYPE: EP)
(UNKNOWN ATOM TYPE: EP)
(UNKNOWN ATOM TYPE: EP)
(UNKNOWN ATOM TYPE: EP)
(UNKNOWN ATOM TYPE: EP)
(UNKNOWN ATOM TYPE: EP)
(UNKNOWN ATOM TYPE: EP)
(UNKNOWN ATOM TYPE: EP)
(UNKNOWN ATOM TYPE: EP)
(UNKNOWN ATOM TYPE: EP)
(UNKNOWN ATOM TYPE: EP)
(UNKNOWN ATOM TYPE: EP)
(UNKNOWN ATOM TYPE: EP)
(UNKNOWN ATOM TYPE: EP)
(UNKNOWN ATOM TYPE: EP)
(UNKNOWN ATOM TYPE: EP)
(UNKNOWN ATOM TYPE: EP)
(UNKNOWN ATOM TYPE: EP)
(UNKNOWN ATOM TYPE: EP)
(UNKNOWN ATOM TYPE: EP)
(UNKNOWN ATOM TYPE: EP)
(UNKNOWN ATOM TYPE: EP)
(UNKNOWN ATOM TYPE: EP)
(UNKNOWN ATOM TYPE: EP)
(UNKNOWN ATOM TYPE: EP)
(UNKNOWN ATOM TYPE: EP)
(UNKNOWN ATOM TYPE: EP)
(UNKNOWN ATOM TYPE: EP)
(UNKNOWN ATOM TYPE: EP)
(UNKNOWN ATOM TYPE: EP)
(UNKNOWN ATOM TYPE: EP)
(UNKNOWN ATOM TYPE: EP)
(UNKNOWN ATOM TYPE: EP)
(UNKNOWN ATOM TYPE: EP)
(UNKNOWN ATOM TYPE: EP)
(UNKNOWN ATOM TYPE: EP)
(UNKNOWN ATOM TYPE: EP)
(UNKNOWN ATOM TYPE: EP)
(UNKNOWN ATOM TYPE: EP)
(UNKNOWN ATOM TYPE: EP)
(UNKNOWN ATOM TYPE: EP)
(UNKNOWN ATOM TYPE: EP)
(UNKNOWN ATOM TYPE: EP)
(UNKNOWN ATOM TYPE: EP)
(UNKNOWN ATOM TYPE: EP)
(UNKNOWN ATOM TYPE: EP)
(UNKNOWN ATOM TYPE: EP)
(UNKNOWN ATOM TYPE: EP)
(UNKNOWN ATOM TYPE: EP)
(UNKNOWN ATOM TYPE: EP)
(UNKNOWN ATOM TYPE: EP)
(UNKNOWN ATOM TYPE: EP)
(UNKNOWN ATOM TYPE: EP)
(UNKNOWN ATOM TYPE: EP)
(UNKNOWN ATOM TYPE: EP)
(UNKNOWN ATOM TYPE: EP)
(UNKNOWN ATOM TYPE: EP)
(UNKNOWN ATOM TYPE: EP)
(UNKNOWN ATOM TYPE: EP)
(UNKNOWN ATOM TYPE: EP)
(UNKNOWN ATOM TYPE: EP)
(UNKNOWN ATOM TYPE: EP)
(UNKNOWN ATOM TYPE: EP)
(UNKNOWN ATOM TYPE: EP)
(UNKNOWN ATOM TYPE: EP)
(UNKNOWN ATOM TYPE: EP)
(UNKNOWN ATOM TYPE: EP)
(UNKNOWN ATOM TYPE: EP)
(UNKNOWN ATOM TYPE: EP)
(UNKNOWN ATOM TYPE: EP)
(UNKNOWN ATOM TYPE: EP)
(UNKNOWN ATOM TYPE: EP)
(UNKNOWN ATOM TYPE: EP)
(UNKNOWN ATOM TYPE: EP)
(UNKNOWN ATOM TYPE: EP)
(UNKNOWN ATOM TYPE: EP)
(UNKNOWN ATOM TYPE: EP)
(UNKNOWN ATOM TYPE: EP)
(UNKNOWN ATOM TYPE: EP)
(UNKNOWN ATOM TYPE: EP)
(UNKNOWN ATOM TYPE: EP)
(UNKNOWN ATOM TYPE: EP)
(UNKNOWN ATOM TYPE: EP)
(UNKNOWN ATOM TYPE: EP)
(UNKNOWN ATOM TYPE: EP)
(UNKNOWN ATOM TYPE: EP)
(UNKNOWN ATOM TYPE: EP)
(UNKNOWN ATOM TYPE: EP)
(UNKNOWN ATOM TYPE: EP)
(UNKNOWN ATOM TYPE: EP)
(UNKNOWN ATOM TYPE: EP)
(UNKNOWN ATOM TYPE: EP)
(UNKNOWN ATOM TYPE: EP)
(UNKNOWN ATOM TYPE: EP)
(UNKNOWN ATOM TYPE: EP)
(UNKNOWN ATOM TYPE: EP)
(UNKNOWN ATOM TYPE: EP)
(UNKNOWN ATOM TYPE: EP)
(UNKNOWN ATOM TYPE: EP)
(UNKNOWN ATOM TYPE: EP)
(UNKNOWN ATOM TYPE: EP)
(UNKNOWN ATOM TYPE: EP)
(UNKNOWN ATOM TYPE: EP)
(UNKNOWN ATOM TYPE: EP)
(UNKNOWN ATOM TYPE: EP)
(UNKNOWN ATOM TYPE: EP)
(UNKNOWN ATOM TYPE: EP)
(UNKNOWN ATOM TYPE: EP)
(UNKNOWN ATOM TYPE: EP)
(UNKNOWN ATOM TYPE: EP)
(UNKNOWN ATOM TYPE: EP)
(UNKNOWN ATOM TYPE: EP)
(UNKNOWN ATOM TYPE: EP)
(UNKNOWN ATOM TYPE: EP)
(UNKNOWN ATOM TYPE: EP)
(UNKNOWN ATOM TYPE: EP)
(UNKNOWN ATOM TYPE: EP)
(UNKNOWN ATOM TYPE: EP)
(UNKNOWN ATOM TYPE: EP)
(UNKNOWN ATOM TYPE: EP)
(UNKNOWN ATOM TYPE: EP)
(UNKNOWN ATOM TYPE: EP)
(UNKNOWN ATOM TYPE: EP)
(UNKNOWN ATOM TYPE: EP)
(UNKNOWN ATOM TYPE: EP)
(UNKNOWN ATOM TYPE: EP)
(UNKNOWN ATOM TYPE: EP)
(UNKNOWN ATOM TYPE: EP)
(UNKNOWN ATOM TYPE: EP)
(UNKNOWN ATOM TYPE: EP)
(UNKNOWN ATOM TYPE: EP)
(UNKNOWN ATOM TYPE: EP)
(UNKNOWN ATOM TYPE: EP)
(UNKNOWN ATOM TYPE: EP)
(UNKNOWN ATOM TYPE: EP)
(UNKNOWN ATOM TYPE: EP)
(UNKNOWN ATOM TYPE: EP)
(UNKNOWN ATOM TYPE: EP)
(UNKNOWN ATOM TYPE: EP)
(UNKNOWN ATOM TYPE: EP)
(UNKNOWN ATOM TYPE: EP)
(UNKNOWN ATOM TYPE: EP)
(UNKNOWN ATOM TYPE: EP)
(UNKNOWN ATOM TYPE: EP)
(UNKNOWN ATOM TYPE: EP)
(UNKNOWN ATOM TYPE: EP)
(UNKNOWN ATOM TYPE: EP)
(UNKNOWN ATOM TYPE: EP)
(UNKNOWN ATOM TYPE: EP)
(UNKNOWN ATOM TYPE: EP)
(UNKNOWN ATOM TYPE: EP)
(UNKNOWN ATOM TYPE: EP)
(UNKNOWN ATOM TYPE: EP)
(UNKNOWN ATOM TYPE: EP)
(UNKNOWN ATOM TYPE: EP)
(UNKNOWN ATOM TYPE: EP)
(UNKNOWN ATOM TYPE: EP)
(UNKNOWN ATOM TYPE: EP)
(UNKNOWN ATOM TYPE: EP)
(UNKNOWN ATOM TYPE: EP)
(UNKNOWN ATOM TYPE: EP)
(UNKNOWN ATOM TYPE: EP)
(UNKNOWN ATOM TYPE: EP)
(UNKNOWN ATOM TYPE: EP)
(UNKNOWN ATOM TYPE: EP)
(UNKNOWN ATOM TYPE: EP)
(UNKNOWN ATOM TYPE: EP)
(UNKNOWN ATOM TYPE: EP)
(UNKNOWN ATOM TYPE: EP)
(UNKNOWN ATOM TYPE: EP)
(UNKNOWN ATOM TYPE: EP)
(UNKNOWN ATOM TYPE: EP)
(UNKNOWN ATOM TYPE: EP)
(UNKNOWN ATOM TYPE: EP)
(UNKNOWN ATOM TYPE: EP)
(UNKNOWN ATOM TYPE: EP)
(UNKNOWN ATOM TYPE: EP)
(UNKNOWN ATOM TYPE: EP)
(UNKNOWN ATOM TYPE: EP)
(UNKNOWN ATOM TYPE: EP)
(UNKNOWN ATOM TYPE: EP)
(UNKNOWN ATOM TYPE: EP)
(UNKNOWN ATOM TYPE: EP)
(UNKNOWN ATOM TYPE: EP)
(UNKNOWN ATOM TYPE: EP)
(UNKNOWN ATOM TYPE: EP)
(UNKNOWN ATOM TYPE: EP)
(UNKNOWN ATOM TYPE: EP)
(UNKNOWN ATOM TYPE: EP)
(UNKNOWN ATOM TYPE: EP)
(UNKNOWN ATOM TYPE: EP)
(UNKNOWN ATOM TYPE: EP)
(UNKNOWN ATOM TYPE: EP)
(UNKNOWN ATOM TYPE: EP)
(UNKNOWN ATOM TYPE: EP)
(UNKNOWN ATOM TYPE: EP)
(UNKNOWN ATOM TYPE: EP)
(UNKNOWN ATOM TYPE: EP)
(UNKNOWN ATOM TYPE: EP)
(UNKNOWN ATOM TYPE: EP)
(UNKNOWN ATOM TYPE: EP)
(UNKNOWN ATOM TYPE: EP)
(UNKNOWN ATOM TYPE: EP)
(UNKNOWN ATOM TYPE: EP)
(UNKNOWN ATOM TYPE: EP)
(UNKNOWN ATOM TYPE: EP)
(UNKNOWN ATOM TYPE: EP)
(UNKNOWN ATOM TYPE: EP)
(UNKNOWN ATOM TYPE: EP)
(UNKNOWN ATOM TYPE: EP)
(UNKNOWN ATOM TYPE: EP)
(UNKNOWN ATOM TYPE: EP)
(UNKNOWN ATOM TYPE: EP)
(UNKNOWN ATOM TYPE: EP)
(UNKNOWN ATOM TYPE: EP)
(UNKNOWN ATOM TYPE: EP)
(UNKNOWN ATOM TYPE: EP)
(UNKNOWN ATOM TYPE: EP)
(UNKNOWN ATOM TYPE: EP)
(UNKNOWN ATOM TYPE: EP)
(UNKNOWN ATOM TYPE: EP)
(UNKNOWN ATOM TYPE: EP)
(UNKNOWN ATOM TYPE: EP)
(UNKNOWN ATOM TYPE: EP)
(UNKNOWN ATOM TYPE: EP)
(UNKNOWN ATOM TYPE: EP)
(UNKNOWN ATOM TYPE: EP)
(UNKNOWN ATOM TYPE: EP)
(UNKNOWN ATOM TYPE: EP)
(UNKNOWN ATOM TYPE: EP)
(UNKNOWN ATOM TYPE: EP)
(UNKNOWN ATOM TYPE: EP)
(UNKNOWN ATOM TYPE: EP)
(UNKNOWN ATOM TYPE: EP)
(UNKNOWN ATOM TYPE: EP)
(UNKNOWN ATOM TYPE: EP)
(UNKNOWN ATOM TYPE: EP)
(UNKNOWN ATOM TYPE: EP)
(UNKNOWN ATOM TYPE: EP)
(UNKNOWN ATOM TYPE: EP)
(UNKNOWN ATOM TYPE: EP)
(UNKNOWN ATOM TYPE: EP)
(UNKNOWN ATOM TYPE: EP)
(UNKNOWN ATOM TYPE: EP)
(UNKNOWN ATOM TYPE: EP)
(UNKNOWN ATOM TYPE: EP)
(UNKNOWN ATOM TYPE: EP)
(UNKNOWN ATOM TYPE: EP)
(UNKNOWN ATOM TYPE: EP)
(UNKNOWN ATOM TYPE: EP)
(UNKNOWN ATOM TYPE: EP)
(UNKNOWN ATOM TYPE: EP)
(UNKNOWN ATOM TYPE: EP)
(UNKNOWN ATOM TYPE: EP)
(UNKNOWN ATOM TYPE: EP)
(UNKNOWN ATOM TYPE: EP)
(UNKNOWN ATOM TYPE: EP)
(UNKNOWN ATOM TYPE: EP)
(UNKNOWN ATOM TYPE: EP)
(UNKNOWN ATOM TYPE: EP)
(UNKNOWN ATOM TYPE: EP)
(UNKNOWN ATOM TYPE: EP)
(UNKNOWN ATOM TYPE: EP)
(UNKNOWN ATOM TYPE: EP)
(UNKNOWN ATOM TYPE: EP)
(UNKNOWN ATOM TYPE: EP)
(UNKNOWN ATOM TYPE: EP)
(UNKNOWN ATOM TYPE: EP)
(UNKNOWN ATOM TYPE: EP)
(UNKNOWN ATOM TYPE: EP)
(UNKNOWN ATOM TYPE: EP)
(UNKNOWN ATOM TYPE: EP)
(UNKNOWN ATOM TYPE: EP)
(UNKNOWN ATOM TYPE: EP)
(UNKNOWN ATOM TYPE: EP)
(UNKNOWN ATOM TYPE: EP)
(UNKNOWN ATOM TYPE: EP)
(UNKNOWN ATOM TYPE: EP)
(UNKNOWN ATOM TYPE: EP)
(UNKNOWN ATOM TYPE: EP)
(UNKNOWN ATOM TYPE: EP)
(UNKNOWN ATOM TYPE: EP)
(UNKNOWN ATOM TYPE: EP)
(UNKNOWN ATOM TYPE: EP)
(UNKNOWN ATOM TYPE: EP)
(UNKNOWN ATOM TYPE: EP)
(UNKNOWN ATOM TYPE: EP)
(UNKNOWN ATOM TYPE: EP)
(UNKNOWN ATOM TYPE: EP)
(UNKNOWN ATOM TYPE: EP)
(UNKNOWN ATOM TYPE: EP)
(UNKNOWN ATOM TYPE: EP)
(UNKNOWN ATOM TYPE: EP)
(UNKNOWN ATOM TYPE: EP)
(UNKNOWN ATOM TYPE: EP)
(UNKNOWN ATOM TYPE: EP)
(UNKNOWN ATOM TYPE: EP)
(UNKNOWN ATOM TYPE: EP)
(UNKNOWN ATOM TYPE: EP)
(UNKNOWN ATOM TYPE: EP)
(UNKNOWN ATOM TYPE: EP)
(UNKNOWN ATOM TYPE: EP)
(UNKNOWN ATOM TYPE: EP)
(UNKNOWN ATOM TYPE: EP)
(UNKNOWN ATOM TYPE: EP)
(UNKNOWN ATOM TYPE: EP)
(UNKNOWN ATOM TYPE: EP)
(UNKNOWN ATOM TYPE: EP)
(UNKNOWN ATOM TYPE: EP)
(UNKNOWN ATOM TYPE: EP)
(UNKNOWN ATOM TYPE: EP)
(UNKNOWN ATOM TYPE: EP)
(UNKNOWN ATOM TYPE: EP)
(UNKNOWN ATOM TYPE: EP)
(UNKNOWN ATOM TYPE: EP)
(UNKNOWN ATOM TYPE: EP)
(UNKNOWN ATOM TYPE: EP)
(UNKNOWN ATOM TYPE: EP)
(UNKNOWN ATOM TYPE: EP)
(UNKNOWN ATOM TYPE: EP)
(UNKNOWN ATOM TYPE: EP)
(UNKNOWN ATOM TYPE: EP)
(UNKNOWN ATOM TYPE: EP)
(UNKNOWN ATOM TYPE: EP)
(UNKNOWN ATOM TYPE: EP)
(UNKNOWN ATOM TYPE: EP)
(UNKNOWN ATOM TYPE: EP)
(UNKNOWN ATOM TYPE: EP)
(UNKNOWN ATOM TYPE: EP)
(UNKNOWN ATOM TYPE: EP)
(UNKNOWN ATOM TYPE: EP)
(UNKNOWN ATOM TYPE: EP)
(UNKNOWN ATOM TYPE: EP)
(UNKNOWN ATOM TYPE: EP)
(UNKNOWN ATOM TYPE: EP)
(UNKNOWN ATOM TYPE: EP)
(UNKNOWN ATOM TYPE: EP)
(UNKNOWN ATOM TYPE: EP)
(UNKNOWN ATOM TYPE: EP)
(UNKNOWN ATOM TYPE: EP)
(UNKNOWN ATOM TYPE: EP)
(UNKNOWN ATOM TYPE: EP)
(UNKNOWN ATOM TYPE: EP)
(UNKNOWN ATOM TYPE: EP)
(UNKNOWN ATOM TYPE: EP)
(UNKNOWN ATOM TYPE: EP)
(UNKNOWN ATOM TYPE: EP)
(UNKNOWN ATOM TYPE: EP)
(UNKNOWN ATOM TYPE: EP)
(UNKNOWN ATOM TYPE: EP)
(UNKNOWN ATOM TYPE: EP)
(UNKNOWN ATOM TYPE: EP)
(UNKNOWN ATOM TYPE: EP)
(UNKNOWN ATOM TYPE: EP)
(UNKNOWN ATOM TYPE: EP)
(UNKNOWN ATOM TYPE: EP)
(UNKNOWN ATOM TYPE: EP)
(UNKNOWN ATOM TYPE: EP)
(UNKNOWN ATOM TYPE: EP)
(UNKNOWN ATOM TYPE: EP)
(UNKNOWN ATOM TYPE: EP)
(UNKNOWN ATOM TYPE: EP)
(UNKNOWN ATOM TYPE: EP)
(UNKNOWN ATOM TYPE: EP)
(UNKNOWN ATOM TYPE: EP)
(UNKNOWN ATOM TYPE: EP)
(UNKNOWN ATOM TYPE: EP)
(UNKNOWN ATOM TYPE: EP)
(UNKNOWN ATOM TYPE: EP)
(UNKNOWN ATOM TYPE: EP)
(UNKNOWN ATOM TYPE: EP)
(UNKNOWN ATOM TYPE: EP)
(UNKNOWN ATOM TYPE: EP)
(UNKNOWN ATOM TYPE: EP)
(UNKNOWN ATOM TYPE: EP)
(UNKNOWN ATOM TYPE: EP)
(UNKNOWN ATOM TYPE: EP)
(UNKNOWN ATOM TYPE: EP)
(UNKNOWN ATOM TYPE: EP)
(UNKNOWN ATOM TYPE: EP)
(UNKNOWN ATOM TYPE: EP)
(UNKNOWN ATOM TYPE: EP)
(UNKNOWN ATOM TYPE: EP)
(UNKNOWN ATOM TYPE: EP)
(UNKNOWN ATOM TYPE: EP)
(UNKNOWN ATOM TYPE: EP)
(UNKNOWN ATOM TYPE: EP)
(UNKNOWN ATOM TYPE: EP)
(UNKNOWN ATOM TYPE: EP)
(UNKNOWN ATOM TYPE: EP)
(UNKNOWN ATOM TYPE: EP)
(UNKNOWN ATOM TYPE: EP)
(UNKNOWN ATOM TYPE: EP)
(UNKNOWN ATOM TYPE: EP)
(UNKNOWN ATOM TYPE: EP)
(UNKNOWN ATOM TYPE: EP)
(UNKNOWN ATOM TYPE: EP)
(UNKNOWN ATOM TYPE: EP)
(UNKNOWN ATOM TYPE: EP)
(UNKNOWN ATOM TYPE: EP)
(UNKNOWN ATOM TYPE: EP)
(UNKNOWN ATOM TYPE: EP)
(UNKNOWN ATOM TYPE: EP)
(UNKNOWN ATOM TYPE: EP)
(UNKNOWN ATOM TYPE: EP)
(UNKNOWN ATOM TYPE: EP)
(UNKNOWN ATOM TYPE: EP)
(UNKNOWN ATOM TYPE: EP)
(UNKNOWN ATOM TYPE: EP)
(UNKNOWN ATOM TYPE: EP)
(UNKNOWN ATOM TYPE: EP)
(UNKNOWN ATOM TYPE: EP)
(UNKNOWN ATOM TYPE: EP)
(UNKNOWN ATOM TYPE: EP)
(UNKNOWN ATOM TYPE: EP)
(UNKNOWN ATOM TYPE: EP)
(UNKNOWN ATOM TYPE: EP)
(UNKNOWN ATOM TYPE: EP)
(UNKNOWN ATOM TYPE: EP)
(UNKNOWN ATOM TYPE: EP)
(UNKNOWN ATOM TYPE: EP)
(UNKNOWN ATOM TYPE: EP)
(UNKNOWN ATOM TYPE: EP)
(UNKNOWN ATOM TYPE: EP)
(UNKNOWN ATOM TYPE: EP)
(UNKNOWN ATOM TYPE: EP)
(UNKNOWN ATOM TYPE: EP)
(UNKNOWN ATOM TYPE: EP)
(UNKNOWN ATOM TYPE: EP)
(UNKNOWN ATOM TYPE: EP)
(UNKNOWN ATOM TYPE: EP)
(UNKNOWN ATOM TYPE: EP)
(UNKNOWN ATOM TYPE: EP)
(UNKNOWN ATOM TYPE: EP)
(UNKNOWN ATOM TYPE: EP)
(UNKNOWN ATOM TYPE: EP)
(UNKNOWN ATOM TYPE: EP)
(UNKNOWN ATOM TYPE: EP)
(UNKNOWN ATOM TYPE: EP)
(UNKNOWN ATOM TYPE: EP)
(UNKNOWN ATOM TYPE: EP)
(UNKNOWN ATOM TYPE: EP)
(UNKNOWN ATOM TYPE: EP)
(UNKNOWN ATOM TYPE: EP)
(UNKNOWN ATOM TYPE: EP)
(UNKNOWN ATOM TYPE: EP)
(UNKNOWN ATOM TYPE: EP)
(UNKNOWN ATOM TYPE: EP)
(UNKNOWN ATOM TYPE: EP)
(UNKNOWN ATOM TYPE: EP)
(UNKNOWN ATOM TYPE: EP)
(UNKNOWN ATOM TYPE: EP)
(UNKNOWN ATOM TYPE: EP)
(UNKNOWN ATOM TYPE: EP)
(UNKNOWN ATOM TYPE: EP)
(UNKNOWN ATOM TYPE: EP)
(UNKNOWN ATOM TYPE: EP)
(UNKNOWN ATOM TYPE: EP)
(UNKNOWN ATOM TYPE: EP)
(UNKNOWN ATOM TYPE: EP)
(UNKNOWN ATOM TYPE: EP)
(UNKNOWN ATOM TYPE: EP)
(UNKNOWN ATOM TYPE: EP)
(UNKNOWN ATOM TYPE: EP)
(UNKNOWN ATOM TYPE: EP)
(UNKNOWN ATOM TYPE: EP)
(UNKNOWN ATOM TYPE: EP)
(UNKNOWN ATOM TYPE: EP)
(UNKNOWN ATOM TYPE: EP)
(UNKNOWN ATOM TYPE: EP)
(UNKNOWN ATOM TYPE: EP)
(UNKNOWN ATOM TYPE: EP)
(UNKNOWN ATOM TYPE: EP)
(UNKNOWN ATOM TYPE: EP)
(UNKNOWN ATOM TYPE: EP)
(UNKNOWN ATOM TYPE: EP)
(UNKNOWN ATOM TYPE: EP)
(UNKNOWN ATOM TYPE: EP)
(UNKNOWN ATOM TYPE: EP)
(UNKNOWN ATOM TYPE: EP)
(UNKNOWN ATOM TYPE: EP)
(UNKNOWN ATOM TYPE: EP)
(UNKNOWN ATOM TYPE: EP)
(UNKNOWN ATOM TYPE: EP)
(UNKNOWN ATOM TYPE: EP)
(UNKNOWN ATOM TYPE: EP)
(UNKNOWN ATOM TYPE: EP)
(UNKNOWN ATOM TYPE: EP)
(UNKNOWN ATOM TYPE: EP)
(UNKNOWN ATOM TYPE: EP)
(UNKNOWN ATOM TYPE: EP)
(UNKNOWN ATOM TYPE: EP)
(UNKNOWN ATOM TYPE: EP)
(UNKNOWN ATOM TYPE: EP)
(UNKNOWN ATOM TYPE: EP)
(UNKNOWN ATOM TYPE: EP)
(UNKNOWN ATOM TYPE: EP)
(UNKNOWN ATOM TYPE: EP)
(UNKNOWN ATOM TYPE: EP)
(UNKNOWN ATOM TYPE: EP)
(UNKNOWN ATOM TYPE: EP)
(UNKNOWN ATOM TYPE: EP)
(UNKNOWN ATOM TYPE: EP)
(UNKNOWN ATOM TYPE: EP)
(UNKNOWN ATOM TYPE: EP)
(UNKNOWN ATOM TYPE: EP)
(UNKNOWN ATOM TYPE: EP)
(UNKNOWN ATOM TYPE: EP)
(UNKNOWN ATOM TYPE: EP)
(UNKNOWN ATOM TYPE: EP)
(UNKNOWN ATOM TYPE: EP)
(UNKNOWN ATOM TYPE: EP)
(UNKNOWN ATOM TYPE: EP)
(UNKNOWN ATOM TYPE: EP)
(UNKNOWN ATOM TYPE: EP)
(UNKNOWN ATOM TYPE: EP)
(UNKNOWN ATOM TYPE: EP)
(UNKNOWN ATOM TYPE: EP)
(UNKNOWN ATOM TYPE: EP)
(UNKNOWN ATOM TYPE: EP)
(UNKNOWN ATOM TYPE: EP)
(UNKNOWN ATOM TYPE: EP)
(UNKNOWN ATOM TYPE: EP)
(UNKNOWN ATOM TYPE: EP)
(UNKNOWN ATOM TYPE: EP)
(UNKNOWN ATOM TYPE: EP)
(UNKNOWN ATOM TYPE: EP)
(UNKNOWN ATOM TYPE: EP)
(UNKNOWN ATOM TYPE: EP)
(UNKNOWN ATOM TYPE: EP)
(UNKNOWN ATOM TYPE: EP)
(UNKNOWN ATOM TYPE: EP)
(UNKNOWN ATOM TYPE: EP)
(UNKNOWN ATOM TYPE: EP)
(UNKNOWN ATOM TYPE: EP)
(UNKNOWN ATOM TYPE: EP)
(UNKNOWN ATOM TYPE: EP)
(UNKNOWN ATOM TYPE: EP)
(UNKNOWN ATOM TYPE: EP)
(UNKNOWN ATOM TYPE: EP)
(UNKNOWN ATOM TYPE: EP)
(UNKNOWN ATOM TYPE: EP)
(UNKNOWN ATOM TYPE: EP)
(UNKNOWN ATOM TYPE: EP)
(UNKNOWN ATOM TYPE: EP)
(UNKNOWN ATOM TYPE: EP)
(UNKNOWN ATOM TYPE: EP)
(UNKNOWN ATOM TYPE: EP)
(UNKNOWN ATOM TYPE: EP)
(UNKNOWN ATOM TYPE: EP)
(UNKNOWN ATOM TYPE: EP)
(UNKNOWN ATOM TYPE: EP)
(UNKNOWN ATOM TYPE: EP)
(UNKNOWN ATOM TYPE: EP)
(UNKNOWN ATOM TYPE: EP)
(UNKNOWN ATOM TYPE: EP)
(UNKNOWN ATOM TYPE: EP)
(UNKNOWN ATOM TYPE: EP)
(UNKNOWN ATOM TYPE: EP)
(UNKNOWN ATOM TYPE: EP)
(UNKNOWN ATOM TYPE: EP)
(UNKNOWN ATOM TYPE: EP)
(UNKNOWN ATOM TYPE: EP)
(UNKNOWN ATOM TYPE: EP)
(UNKNOWN ATOM TYPE: EP)
(UNKNOWN ATOM TYPE: EP)
(UNKNOWN ATOM TYPE: EP)
(UNKNOWN ATOM TYPE: EP)
(UNKNOWN ATOM TYPE: EP)
(UNKNOWN ATOM TYPE: EP)
(UNKNOWN ATOM TYPE: EP)
(UNKNOWN ATOM TYPE: EP)
(UNKNOWN ATOM TYPE: EP)
(UNKNOWN ATOM TYPE: EP)
(UNKNOWN ATOM TYPE: EP)
(UNKNOWN ATOM TYPE: EP)
(UNKNOWN ATOM TYPE: EP)
(UNKNOWN ATOM TYPE: EP)
(UNKNOWN ATOM TYPE: EP)
(UNKNOWN ATOM TYPE: EP)
(UNKNOWN ATOM TYPE: EP)
(UNKNOWN ATOM TYPE: EP)
(UNKNOWN ATOM TYPE: EP)
(UNKNOWN ATOM TYPE: EP)
(UNKNOWN ATOM TYPE: EP)
(UNKNOWN ATOM TYPE: EP)
(UNKNOWN ATOM TYPE: EP)
(UNKNOWN ATOM TYPE: EP)
(UNKNOWN ATOM TYPE: EP)
(UNKNOWN ATOM TYPE: EP)
(UNKNOWN ATOM TYPE: EP)
(UNKNOWN ATOM TYPE: EP)
(UNKNOWN ATOM TYPE: EP)
(UNKNOWN ATOM TYPE: EP)
(UNKNOWN ATOM TYPE: EP)
(UNKNOWN ATOM TYPE: EP)
(UNKNOWN ATOM TYPE: EP)
(UNKNOWN ATOM TYPE: EP)
(UNKNOWN ATOM TYPE: EP)
(UNKNOWN ATOM TYPE: EP)
(UNKNOWN ATOM TYPE: EP)
(UNKNOWN ATOM TYPE: EP)
(UNKNOWN ATOM TYPE: EP)
(UNKNOWN ATOM TYPE: EP)
(UNKNOWN ATOM TYPE: EP)
(UNKNOWN ATOM TYPE: EP)
(UNKNOWN ATOM TYPE: EP)
(UNKNOWN ATOM TYPE: EP)
(UNKNOWN ATOM TYPE: EP)
(UNKNOWN ATOM TYPE: EP)
(UNKNOWN ATOM TYPE: EP)
Loaded UNIT: 1GA
Loaded UNIT: 1GB
Loaded UNIT: 1LA
Loaded UNIT: 1LB
Loaded UNIT: 1MA
Loaded UNIT: 1MB
Loaded UNIT: 2GA
Loaded UNIT: 2GB
Loaded UNIT: 2LA
Loaded UNIT: 2LB
Loaded UNIT: 2MA
Loaded UNIT: 2MB
Loaded UNIT: 3GA
Loaded UNIT: 3GB
Loaded UNIT: 3LA
Loaded UNIT: 3LB
Loaded UNIT: 3MA
Loaded UNIT: 3MB
Loaded UNIT: 4GA
Loaded UNIT: 4GB
Loaded UNIT: 4LA
Loaded UNIT: 4LB
Loaded UNIT: 4MA
Loaded UNIT: 4MB
Loaded UNIT: 6GA
Loaded UNIT: 6GB
Loaded UNIT: 6LA
Loaded UNIT: 6LB
Loaded UNIT: 6MA
Loaded UNIT: 6MB
Loaded UNIT: OME
Loaded UNIT: PGA
Loaded UNIT: PGB
Loaded UNIT: PLA
Loaded UNIT: PLB
Loaded UNIT: PMA
Loaded UNIT: PMB
Loaded UNIT: QGA
Loaded UNIT: QGB
Loaded UNIT: QLA
Loaded UNIT: QLB
Loaded UNIT: QMA
Loaded UNIT: QMB
Loaded UNIT: RGA
Loaded UNIT: RGB
Loaded UNIT: RLA
Loaded UNIT: RLB
Loaded UNIT: RMA
Loaded UNIT: RMB
Loaded UNIT: SGA
Loaded UNIT: SGB
Loaded UNIT: SLA
Loaded UNIT: SLB
Loaded UNIT: SMA
Loaded UNIT: SMB
Loaded UNIT: TGA
Loaded UNIT: TGB
Loaded UNIT: TLA
Loaded UNIT: TLB
Loaded UNIT: TMA
Loaded UNIT: TMB
Loaded UNIT: UGA
Loaded UNIT: UGB
Loaded UNIT: ULA
Loaded UNIT: ULB
Loaded UNIT: UMA
Loaded UNIT: UMB
Loaded UNIT: VGA
Loaded UNIT: VGB
Loaded UNIT: VLA
Loaded UNIT: VLB
Loaded UNIT: VMA
Loaded UNIT: VMB
Loaded UNIT: WGA
Loaded UNIT: WGB
Loaded UNIT: WLA
Loaded UNIT: WLB
Loaded UNIT: WMA
Loaded UNIT: WMB
Loaded UNIT: XGA
Loaded UNIT: XGB
Loaded UNIT: XLA
Loaded UNIT: XLB
Loaded UNIT: XMA
Loaded UNIT: XMB
Loaded UNIT: YGA
Loaded UNIT: YGB
Loaded UNIT: YLA
Loaded UNIT: YLB
Loaded UNIT: YMA
Loaded UNIT: YMB
Loaded UNIT: ZGA
Loaded UNIT: ZGB
Loaded UNIT: ZLA
Loaded UNIT: ZLB
Loaded UNIT: ZMA
Loaded UNIT: ZMB
>> #
>> #
>> #       assumes most users want to use tip3p as the explicit solvent model
>> #       but this can easily switched by the following commands in leap:
>> #       WAT = TP5
>> #       loadamberparams frcmod.tip5p
>> #
>> HOH = TP3
>> WAT = TP3
>> #
>> #
>> #     modify so pdbs saved with lonepairs can be read back in
>> #
>> #
>> addPdbAtomMap {
>>   { "1EP+" "EP+1" }
>>   { "2EP+" "EP+2" }
>>   { "3EP+" "EP+3" }
>>   { "4EP+" "EP+4" }
>>   { "5EP+" "EP+5" }
>>   { "6EP+" "EP+6" }
>>   { "1EP-" "EP-1" }
>>   { "2EP-" "EP-2" }
>>   { "3EP-" "EP-3" }
>>   { "4EP-" "EP-4" }
>>   { "5EP-" "EP-5" }
>>   { "6EP-" "EP-6" }
>> }
> 
> quit
	Quit
